"../../../Engine/Content/EngineMaterials/T_Default_Material_Grid_N.uasset" 0
"../../../Engine/Content/EngineMaterials/T_Default_Material_Grid_M.uasset" 1
"../../../Engine/Content/Functions/Engine_MaterialFunctions01/Opacity/CameraDepthFade.uasset" 2
"../../../Engine/Content/EngineMaterials/WorldGridMaterial.uasset" 3
"../../../Engine/Content/ArtTools/RenderToTexture/Meshes/S_1_Unit_Plane.uasset" 4
"../../../Engine/Content/EngineMaterials/DefaultMaterial.uasset" 5
"../../../Engine/Content/BasicShapes/Cone.uasset" 6
"../../../Engine/Content/BasicShapes/Cube.uasset" 7
"../../../Engine/Content/BasicShapes/Plane.uasset" 8
"../../../Engine/Content/BasicShapes/Sphere.uasset" 9
"../../../Engine/Content/EngineMaterials/DefaultPhysicalMaterial.uasset" 10
"../../../Engine/Content/BufferVisualization/AmbientOcclusion.uasset" 11
"../../../Engine/Content/Functions/Engine_MaterialFunctions02/Utility/AppendMany.uasset" 12
"../../../Engine/Content/BufferVisualization/Anisotropy.uasset" 13
"../../../Engine/Content/BufferVisualization/BaseColor.uasset" 14
"../../../Engine/Content/BufferVisualization/CustomDepth.uasset" 15
"../../../Engine/Content/Functions/Engine_MaterialFunctions02/Utility/VectorLength.uasset" 16
"../../../Engine/Content/BufferVisualization/CustomDepthWorldUnits.uasset" 17
"../../../Engine/Content/EngineMaterials/MiniFont.uasset" 18
"../../../Engine/Content/Functions/Engine_MaterialFunctions02/Utility/MakeFloat3.uasset" 19
"../../../Engine/Content/Functions/Engine_MaterialFunctions02/Utility/MakeFloat2.uasset" 20
"../../../Engine/Content/Functions/Engine_MaterialFunctions02/ScreenResolution.uasset" 21
"../../../Engine/Content/Functions/Engine_MaterialFunctions02/Utility/BreakOutFloat2Components.uasset" 22
"../../../Engine/Content/Functions/Engine_MaterialFunctions01/Texturing/ScaleUVsByCenter.uasset" 23
"../../../Engine/Content/Functions/Engine_MaterialFunctions02/Texturing/ScreenAlignedUVs.uasset" 24
"../../../Engine/Content/BufferVisualization/CustomStencil.uasset" 25
"../../../Engine/Content/BufferVisualization/FinalImage.uasset" 26
"../../../Engine/Content/BufferVisualization/LightingModel.uasset" 27
"../../../Engine/Content/BufferVisualization/MaterialAO.uasset" 28
"../../../Engine/Content/BufferVisualization/Metallic.uasset" 29
"../../../Engine/Content/BufferVisualization/Opacity.uasset" 30
"../../../Engine/Content/BufferVisualization/PostTonemapHDRColor.uasset" 31
"../../../Engine/Content/BufferVisualization/PreTonemapHDRColor.uasset" 32
"../../../Engine/Content/BufferVisualization/Roughness.uasset" 33
"../../../Engine/Content/BufferVisualization/SceneColor.uasset" 34
"../../../Engine/Content/BufferVisualization/SceneDepth.uasset" 35
"../../../Engine/Content/BufferVisualization/SceneDepthWorldUnits.uasset" 36
"../../../Engine/Content/BufferVisualization/SeparateTranslucencyA.uasset" 37
"../../../Engine/Content/BufferVisualization/SeparateTranslucencyRGB.uasset" 38
"../../../Engine/Content/BufferVisualization/Specular.uasset" 39
"../../../Engine/Content/BufferVisualization/SubsurfaceColor.uasset" 40
"../../../Engine/Content/BufferVisualization/Velocity.uasset" 41
"../../../Engine/Content/BufferVisualization/WorldNormal.uasset" 42
"../../../Engine/Content/BufferVisualization/WorldTangent.uasset" 43
"../../../Engine/Content/EditorLandscapeResources/DataLayer.uasset" 44
"../../../Engine/Content/EditorLandscapeResources/DefaultAlphaTexture.uasset" 45
"../../../Engine/Content/EditorLandscapeResources/LandscapeGizmoHeight_Mat.uasset" 46
"../../../Engine/Content/EditorLandscapeResources/LandscapeGizmo_Mat.uasset" 47
"../../../Engine/Content/EditorLandscapeResources/LandscapeGizmo_Mat_Copied.uasset" 48
"../../../Engine/Content/EditorLandscapeResources/SplineEditorMeshMat.uasset" 49
"../../../Engine/Content/EditorLandscapeResources/SplineEditorMesh.uasset" 50
"../../../Engine/Content/EditorMaterials/Cross.uasset" 51
"../../../Engine/Content/EditorMaterials/Cross_Mat.uasset" 52
"../../../Engine/Content/EditorResources/T_EditorHelp.uasset" 53
"../../../Engine/Content/Functions/Engine_MaterialFunctions02/Utility/Sign.uasset" 54
"../../../Engine/Content/Functions/Engine_MaterialFunctions02/Utility/Round.uasset" 55
"../../../Engine/Content/Functions/Engine_MaterialFunctions02/ExampleContent/Textures/DebugNumberPeriod.uasset" 56
"../../../Engine/Content/Functions/Engine_MaterialFunctions02/ExampleContent/DebugNumberStrip.uasset" 57
"../../../Engine/Content/EngineMaterials/DefaultDiffuse.uasset" 58
"../../../Engine/Content/Functions/Engine_MaterialFunctions01/Texturing/TextureCropping.uasset" 59
"../../../Engine/Content/Functions/Engine_MaterialFunctions01/Texturing/ComputeMipLevel.uasset" 60
"../../../Engine/Content/Functions/Engine_MaterialFunctions02/Utility/DebugScalarValues.uasset" 61
"../../../Engine/Content/Functions/Engine_MaterialFunctions02/Utility/DebugFloat2Values.uasset" 62
"../../../Engine/Content/Functions/Engine_MaterialFunctions02/ExampleContent/Textures/flipbook.uasset" 63
"../../../Engine/Content/Functions/Engine_MaterialFunctions02/Texturing/FlipBook.uasset" 64
"../../../Engine/Content/EditorMaterials/HelpActorMaterial.uasset" 65
"../../../Engine/Content/Functions/Engine_MaterialFunctions03/Procedurals/ComputeFilterWidth.uasset" 66
"../../../Engine/Content/EngineMaterials/BlendFunc_DefBlend.uasset" 67
"../../../Engine/Content/EngineMaterials/BlendFunc_DefBase.uasset" 68
"../../../Engine/Content/Functions/Engine_MaterialFunctions03/Blends/Blend_Screen.uasset" 69
"../../../Engine/Content/EditorMaterials/TilingAALineIntegral.uasset" 70
"../../../Engine/Content/EditorMaterials/TilingAALineBoxFiltered.uasset" 71
"../../../Engine/Content/EditorMaterials/TilingAAGrid.uasset" 72
"../../../Engine/Content/EditorMaterials/TilingAADots.uasset" 73
"../../../Engine/Content/EditorMaterials/CompositeARGBLayer.uasset" 74
"../../../Engine/Content/EditorMaterials/LevelGridMaterial.uasset" 75
"../../../Engine/Content/EditorResources/LevelGrid1DStripes.uasset" 76
"../../../Engine/Content/EditorMaterials/TextureGridCascaded1D.uasset" 77
"../../../Engine/Content/EditorMaterials/TextureGridCascaded2D.uasset" 78
"../../../Engine/Content/EditorMaterials/MakeCompositeARGBLayer.uasset" 79
"../../../Engine/Content/EditorMaterials/LevelGridMaterial2.uasset" 80
"../../../Engine/Content/EditorMaterials/MAT_Groups_Toggle.uasset" 81
"../../../Engine/Content/EditorMaterials/MAT_Groups_Visibility.uasset" 82
"../../../Engine/Content/EditorMaterials/PhAT_BoneSelectedMaterial.uasset" 83
"../../../Engine/Content/EditorMaterials/PhAT_ElemSelectedMaterial.uasset" 84
"../../../Engine/Content/EditorMaterials/PhAT_NoCollisionMaterial.uasset" 85
"../../../Engine/Content/EditorMaterials/PhAT_UnselectedMaterial.uasset" 86
"../../../Engine/Content/EditorMaterials/PreviewShadowIndicator.uasset" 87
"../../../Engine/Content/EditorMaterials/PreviewShadowIndicatorMaterial.uasset" 88
"../../../Engine/Content/EditorMaterials/TargetIcon.uasset" 89
"../../../Engine/Content/EditorMaterials/Tick.uasset" 90
"../../../Engine/Content/EditorMaterials/Tick_Mat.uasset" 91
"../../../Engine/Content/EditorMaterials/WidgetGridVertexColorMaterial.uasset" 92
"../../../Engine/Content/EditorMaterials/WidgetGridVertexColorMaterial_Ma.uasset" 93
"../../../Engine/Content/EditorMaterials/WidgetMaterial.uasset" 94
"../../../Engine/Content/EditorMaterials/WidgetMaterial_Current.uasset" 95
"../../../Engine/Content/EditorMaterials/WidgetMaterial_X.uasset" 96
"../../../Engine/Content/EditorMaterials/WidgetMaterial_Y.uasset" 97
"../../../Engine/Content/EditorMaterials/WidgetMaterial_Z.uasset" 98
"../../../Engine/Content/EditorMaterials/WidgetVertexColorMaterial.uasset" 99
"../../../Engine/Content/EditorMaterials/MatineeGroups/MAT_ColorTrack.uasset" 100
"../../../Engine/Content/EditorMaterials/MatineeGroups/MAT_Groups_Anim.uasset" 101
"../../../Engine/Content/EditorMaterials/MatineeGroups/MAT_Groups_AudioMaster.uasset" 102
"../../../Engine/Content/EditorMaterials/MatineeGroups/MAT_Groups_Director.uasset" 103
"../../../Engine/Content/EditorMaterials/MatineeGroups/MAT_Groups_Event.uasset" 104
"../../../Engine/Content/EditorMaterials/MatineeGroups/MAT_Groups_Fade.uasset" 105
"../../../Engine/Content/EditorMaterials/MatineeGroups/MAT_Groups_Float.uasset" 106
"../../../Engine/Content/EditorMaterials/MatineeGroups/MAT_Groups_Move.uasset" 107
"../../../Engine/Content/EditorMaterials/MatineeGroups/MAT_Groups_Slomo.uasset" 108
"../../../Engine/Content/EditorMaterials/MatineeGroups/MAT_Groups_Sound.uasset" 109
"../../../Engine/Content/EditorMaterials/MatineeGroups/MAT_Groups_Vector.uasset" 110
"../../../Engine/Content/EditorMaterials/ParticleSystems/PSysThumbnail_NoImage.uasset" 111
"../../../Engine/Content/EditorMaterials/ParticleSystems/PSysThumbnail_OOD.uasset" 112
"../../../Engine/Content/EngineMaterials/Grid.uasset" 113
"../../../Engine/Content/EditorMaterials/Thumbnails/FloorPlaneMaterial.uasset" 114
"../../../Engine/Content/EditorMeshes/EditorCube.uasset" 115
"../../../Engine/Content/EditorMeshes/EditorCylinder.uasset" 116
"../../../Engine/Content/EditorMeshes/EditorPlane.uasset" 117
"../../../Engine/Content/EditorMaterials/Thumbnails/SkySphereMaterial.uasset" 118
"../../../Engine/Content/EditorMeshes/EditorSkySphere.uasset" 119
"../../../Engine/Content/EditorMeshes/EditorSphere.uasset" 120
"../../../Engine/Content/EditorResources/MatineeCam_D.uasset" 121
"../../../Engine/Content/EditorMaterials/MatineeCam_mat.uasset" 122
"../../../Engine/Content/EditorMeshes/MatineeCam_SM.uasset" 123
"../../../Engine/Content/EditorMeshes/PlanarReflectionPlane.uasset" 124
"../../../Engine/Content/EngineDebugMaterials/M_SimpleOpaque.uasset" 125
"../../../Engine/Content/EditorMaterials/Camera/MI_CineMat_CamViewFinder.uasset" 126
"../../../Engine/Content/EditorMaterials/Camera/CineMat.uasset" 127
"../../../Engine/Content/EditorMaterials/Camera/MI_CineMat_CameraBody.uasset" 128
"../../../Engine/Content/EditorMeshes/Camera/SM_CineCam.uasset" 129
"../../../Engine/Content/EditorMaterials/Camera/MI_CineMat_Rig.uasset" 130
"../../../Engine/Content/EditorMeshes/Camera/SM_CraneRig_Arm.uasset" 131
"../../../Engine/Content/EditorMeshes/Camera/SM_CraneRig_Base.uasset" 132
"../../../Engine/Content/EditorMeshes/Camera/SM_CraneRig_Body.uasset" 133
"../../../Engine/Content/EditorMeshes/Camera/SM_CraneRig_Mount.uasset" 134
"../../../Engine/Content/EditorMeshes/Camera/SM_RailRig_Mount.uasset" 135
"../../../Engine/Content/EditorMeshes/Camera/SM_RailRig_Track.uasset" 136
"../../../Engine/Content/EditorMeshes/ColorCalibrator/M_ChromeBall.uasset" 137
"../../../Engine/Content/EditorResources/Bad.uasset" 138
"../../../Engine/Content/EditorResources/BSPVertex.uasset" 139
"../../../Engine/Content/EditorResources/EmptyActor.uasset" 140
"../../../Engine/Content/EditorResources/MatInstActSprite.uasset" 141
"../../../Engine/Content/EditorResources/SceneManager.uasset" 142
"../../../Engine/Content/EditorResources/SmallFont.uasset" 143
"../../../Engine/Content/EditorResources/S_Actor.uasset" 144
"../../../Engine/Content/EditorResources/S_CameraShakeSource.uasset" 145
"../../../Engine/Content/EditorResources/S_DecalActorIcon.uasset" 146
"../../../Engine/Content/EditorResources/S_Emitter.uasset" 147
"../../../Engine/Content/EditorResources/S_ExpoHeightFog.uasset" 148
"../../../Engine/Content/EditorResources/S_FTest.uasset" 149
"../../../Engine/Content/EditorResources/S_KBSJoint.uasset" 150
"../../../Engine/Content/EditorResources/S_KHinge.uasset" 151
"../../../Engine/Content/EditorResources/S_KPrismatic.uasset" 152
"../../../Engine/Content/EditorResources/S_LevelSequence.uasset" 153
"../../../Engine/Content/EditorResources/S_NavP.uasset" 154
"../../../Engine/Content/EditorResources/S_Note.uasset" 155
"../../../Engine/Content/EditorResources/S_Player.uasset" 156
"../../../Engine/Content/EditorResources/S_PortalActorIcon2.uasset" 157
"../../../Engine/Content/EditorResources/S_RadForce.uasset" 158
"../../../Engine/Content/EditorResources/S_ReflActorIcon.uasset" 159
"../../../Engine/Content/EditorResources/S_SkyAtmosphere.uasset" 160
"../../../Engine/Content/EditorResources/S_Solver.uasset" 161
"../../../Engine/Content/EditorResources/S_Terrain.uasset" 162
"../../../Engine/Content/EditorResources/S_TextRenderActorIcon.uasset" 163
"../../../Engine/Content/EditorResources/S_Thruster.uasset" 164
"../../../Engine/Content/EditorResources/S_Trigger.uasset" 165
"../../../Engine/Content/EditorResources/S_VectorFieldVol.uasset" 166
"../../../Engine/Content/EditorResources/S_VolumetricCloud.uasset" 167
"../../../Engine/Content/EditorResources/S_WindDirectional.uasset" 168
"../../../Engine/Content/EditorResources/AI/S_NavLink.uasset" 169
"../../../Engine/Content/EditorResources/LightIcons/SkyLight.uasset" 170
"../../../Engine/Content/EditorResources/LightIcons/S_LightDirectional.uasset" 171
"../../../Engine/Content/EditorResources/LightIcons/S_LightDirectionalMove.uasset" 172
"../../../Engine/Content/EditorResources/LightIcons/S_LightError.uasset" 173
"../../../Engine/Content/EditorResources/LightIcons/S_LightPoint.uasset" 174
"../../../Engine/Content/EditorResources/LightIcons/S_LightPointMove.uasset" 175
"../../../Engine/Content/EditorResources/LightIcons/S_LightSpot.uasset" 176
"../../../Engine/Content/EditorResources/LightIcons/S_LightSpotMove.uasset" 177
"../../../Engine/Content/EditorResources/SequenceRecorder/Countdown.uasset" 178
"../../../Engine/Content/EditorResources/SequenceRecorder/RecordingIndicator.uasset" 179
"../../../Engine/Content/EditorResources/Spline/T_Loft_Spline.uasset" 180
"../../../Engine/Content/EditorSounds/Notifications/CompileFailed.uasset" 181
"../../../Engine/Content/EditorSounds/Notifications/CompileFailed_Cue.uasset" 182
"../../../Engine/Content/EditorSounds/Notifications/CompileSuccess.uasset" 183
"../../../Engine/Content/EditorSounds/Notifications/CompileStart_Cue.uasset" 184
"../../../Engine/Content/EngineDamageTypes/DmgTypeBP_Environmental.uasset" 185
"../../../Engine/Content/EngineDebugMaterials/HeatmapGradient.uasset" 186
"../../../Engine/Content/EngineDebugMaterials/BoneWeightMaterial.uasset" 187
"../../../Engine/Content/EngineDebugMaterials/ClothMaterial.uasset" 188
"../../../Engine/Content/EngineDebugMaterials/ClothMaterial_WF.uasset" 189
"../../../Engine/Content/EngineDebugMaterials/DebugEditorMaterial.uasset" 190
"../../../Engine/Content/EngineDebugMaterials/DebugMeshMaterial.uasset" 191
"../../../Engine/Content/EngineDebugMaterials/GeomMaterial.uasset" 192
"../../../Engine/Content/Functions/Engine_MaterialFunctions01/Shading/ConvertFromDiffSpec.uasset" 193
"../../../Engine/Content/EngineDebugMaterials/LevelColorationLitMaterial.uasset" 194
"../../../Engine/Content/EngineDebugMaterials/LevelColorationUnlitMaterial.uasset" 195
"../../../Engine/Content/EngineMaterials/DefaultWhiteGrid.uasset" 196
"../../../Engine/Content/EngineDebugMaterials/MAT_LevelColorationLitLightmapUV.uasset" 197
"../../../Engine/Content/EngineDebugMaterials/M_SimpleUnlitTranslucent.uasset" 198
"../../../Engine/Content/EngineDebugMaterials/VolumeToRender.uasset" 199
"../../../Engine/Content/Functions/Engine_MaterialFunctions02/Utility/CameraDirectionVector.uasset" 200
"../../../Engine/Content/EngineDebugMaterials/M_VolumeRenderSphereTracePP.uasset" 201
"../../../Engine/Content/EngineMaterials/DefaultWhiteGrid_Low.uasset" 202
"../../../Engine/Content/EngineDebugMaterials/PhysicalMaterialMaskMaterial.uasset" 203
"../../../Engine/Content/EngineDebugMaterials/ShadedLevelColorationLitMaterial.uasset" 204
"../../../Engine/Content/EngineDebugMaterials/ShadedLevelColorationUnlitMateri.uasset" 205
"../../../Engine/Content/EngineDebugMaterials/VertexColorMaterial.uasset" 206
"../../../Engine/Content/EngineDebugMaterials/VertexColorViewMode_AlphaAsColor.uasset" 207
"../../../Engine/Content/EngineDebugMaterials/VertexColorViewMode_BlueOnly.uasset" 208
"../../../Engine/Content/EngineDebugMaterials/VertexColorViewMode_ColorOnly.uasset" 209
"../../../Engine/Content/EngineDebugMaterials/VertexColorViewMode_GreenOnly.uasset" 210
"../../../Engine/Content/EngineDebugMaterials/VertexColorViewMode_RedOnly.uasset" 211
"../../../Engine/Content/EngineDebugMaterials/WireframeMaterial.uasset" 212
"../../../Engine/Content/EngineFonts/Faces/RobotoRegular.uasset" 213
"../../../Engine/Content/EngineFonts/Faces/RobotoLight.uasset" 214
"../../../Engine/Content/EngineFonts/Faces/RobotoItalic.uasset" 215
"../../../Engine/Content/EngineFonts/Faces/RobotoBoldItalic.uasset" 216
"../../../Engine/Content/EngineFonts/Faces/RobotoBold.uasset" 217
"../../../Engine/Content/EngineFonts/Faces/DroidSansFallback.uasset" 218
"../../../Engine/Content/EngineFonts/Roboto.uasset" 219
"../../../Engine/Content/EngineFonts/Faces/RobotoTiny.uasset" 220
"../../../Engine/Content/EngineFonts/RobotoTiny.uasset" 221
"../../../Engine/Content/EngineFonts/SmallFont.uasset" 222
"../../../Engine/Content/EngineFonts/TinyFont.uasset" 223
"../../../Engine/Content/EngineMaterials/BaseFlattenNormalMap.uasset" 224
"../../../Engine/Content/EngineMaterials/BaseFlattenGrayscaleMap.uasset" 225
"../../../Engine/Content/EngineMaterials/BaseFlattenEmissiveMap.uasset" 226
"../../../Engine/Content/EngineMaterials/BaseFlattenDiffuseMap.uasset" 227
"../../../Engine/Content/EngineMaterials/BaseFlattenMaterial.uasset" 228
"../../../Engine/Content/EngineResources/WhiteSquareTexture.uasset" 229
"../../../Engine/Content/EngineMaterials/BlinkingCaret.uasset" 230
"../../../Engine/Content/EngineMaterials/BlueNoise.uasset" 231
"../../../Engine/Content/EngineMaterials/DefaultBloomKernel.uasset" 232
"../../../Engine/Content/EngineMaterials/DefaultBokeh.uasset" 233
"../../../Engine/Content/EngineMaterials/DefaultDeferredDecalMaterial.uasset" 234
"../../../Engine/Content/EngineMaterials/DefaultLightFunctionMaterial.uasset" 235
"../../../Engine/Content/EngineMaterials/DefaultPostProcessMaterial.uasset" 236
"../../../Engine/Content/EngineFonts/RobotoDistanceField.uasset" 237
"../../../Engine/Content/EngineMaterials/DefaultTextMaterialOpaque.uasset" 238
"../../../Engine/Content/EngineMaterials/EditorBrushMaterial.uasset" 239
"../../../Engine/Content/EngineMaterials/EmissiveMeshMaterial.uasset" 240
"../../../Engine/Content/EngineMaterials/GizmoMaterial.uasset" 241
"../../../Engine/Content/EngineMaterials/Good64x64TilingNoiseHighFreq.uasset" 242
"../../../Engine/Content/EngineMaterials/Grid_N.uasset" 243
"../../../Engine/Content/EngineMaterials/HighResolutionScreenshotMaskFunction.uasset" 244
"../../../Engine/Content/EngineMaterials/HighResScreenshot.uasset" 245
"../../../Engine/Content/EngineMaterials/HighResScreenshotCaptureRegion.uasset" 246
"../../../Engine/Content/EngineMaterials/HighResScreenshotMask.uasset" 247
"../../../Engine/Content/EngineMaterials/LandscapeHolePhysicalMaterial.uasset" 248
"../../../Engine/Content/EngineMaterials/InvalidLightmapSettings.uasset" 249
"../../../Engine/Content/EngineMaterials/M_InvalidLightmapSettings.uasset" 250
"../../../Engine/Content/EngineMaterials/PaperDiffuse.uasset" 251
"../../../Engine/Content/EngineMaterials/PaperNormal.uasset" 252
"../../../Engine/Content/Functions/Engine_MaterialFunctions02/WorldPositionOffset/CameraOffset.uasset" 253
"../../../Engine/Content/EngineMaterials/PhAT_JointLimitMaterial.uasset" 254
"../../../Engine/Content/EngineMaterials/PhysMat_Rubber.uasset" 255
"../../../Engine/Content/EngineMaterials/PreintegratedSkinBRDF.uasset" 256
"../../../Engine/Content/EngineMaterials/RemoveSurfaceMaterial.uasset" 257
"../../../Engine/Content/Functions/Engine_MaterialFunctions01/ImageAdjustment/sRGBToLinear.uasset" 258
"../../../Engine/Content/Functions/Engine_MaterialFunctions02/Utility/BreakOutFloat3Components.uasset" 259
"../../../Engine/Content/EngineMaterials/Widget3DCameraPassThrough_Opaque_OneSided.uasset" 260
"../../../Engine/Content/EngineMaterials/Widget3DPassThrough.uasset" 261
"../../../Engine/Content/EngineMaterials/Widget3DPassThrough_Masked.uasset" 262
"../../../Engine/Content/EngineMaterials/Widget3DPassThrough_Opaque.uasset" 263
"../../../Engine/Content/EngineMaterials/Widget3DPassThrough_Masked_OneSided.uasset" 264
"../../../Engine/Content/EngineMaterials/Widget3DPassThrough_Opaque_OneSided.uasset" 265
"../../../Engine/Content/EngineMaterials/Widget3DPassThrough_Translucent.uasset" 266
"../../../Engine/Content/EngineMaterials/Widget3DPassThrough_Translucent_OneSided.uasset" 267
"../../../Engine/Content/EngineMeshes/Cylinder.uasset" 268
"../../../Engine/Content/EngineMeshes/Sphere.uasset" 269
"../../../Engine/Content/EngineResources/DefaultTextureCube.uasset" 270
"../../../Engine/Content/EngineResources/DefaultVolumeTexture2D.uasset" 271
"../../../Engine/Content/EngineResources/DefaultVolumeTexture.uasset" 272
"../../../Engine/Content/EngineResources/GradientTexture0.uasset" 273
"../../../Engine/Content/EngineResources/StreamingPauseIcon.uasset" 274
"../../../Engine/Content/EngineResources/M_StreamingPause.uasset" 275
"../../../Engine/Content/EngineSky/VolumetricClouds/T_NoiseShape64.uasset" 276
"../../../Engine/Content/EngineSky/VolumetricClouds/T_VolumeNoiseShape64.uasset" 277
"../../../Engine/Content/EngineSky/VolumetricClouds/T_NoiseErosion.uasset" 278
"../../../Engine/Content/EngineSky/VolumetricClouds/T_VolumeNoiseErosion32.uasset" 279
"../../../Engine/Content/EngineSky/VolumetricClouds/CloudWeatherTexture.uasset" 280
"../../../Engine/Content/EngineSky/VolumetricClouds/CloudGradientTexture.uasset" 281
"../../../Engine/Content/EngineSky/VolumetricClouds/m_SimpleVolumetricCloud.uasset" 282
"../../../Engine/Content/EngineSky/VolumetricClouds/m_SimpleVolumetricCloud_Inst.uasset" 283
"../../../Engine/Content/EngineSounds/Master.uasset" 284
"../../../Engine/Content/EngineMeshes/Cube.uasset" 285
"../../../Engine/Content/Functions/Engine_MaterialFunctions01/Shading/PowerToRoughness.uasset" 286
"../../../Engine/Content/Maps/Templates/Thumbnails/Default.uasset" 287
"../../../Engine/Content/Maps/Templates/Thumbnails/TimeOfDay.uasset" 288
"../../../Engine/Content/Maps/Templates/Thumbnails/VR-Basic.uasset" 289
"../../../Engine/Content/MapTemplates/Sky/DaylightAmbientCubemap.uasset" 290
"../../../Engine/Content/MobileResources/T_MobileControls_texture.uasset" 291
"../../../Engine/Content/MobileResources/T_MobileMenu2.uasset" 292
"../../../Engine/Content/MobileResources/HUD/AnalogHat.uasset" 293
"../../../Engine/Content/MobileResources/HUD/VirtualJoystick_Thumb.uasset" 294
"../../../Engine/Content/MobileResources/HUD/VirtualJoystick_Background.uasset" 295
"../../../Engine/Content/MobileResources/HUD/DefaultVirtualJoysticks.uasset" 296
"../../../Engine/Content/MobileResources/HUD/LeftVirtualJoystickOnly.uasset" 297
"../../../Engine/Content/MobileResources/HUD/MobileHUDButton1_off.uasset" 298
"../../../Engine/Content/MobileResources/HUD/MobileHUDButton1_on.uasset" 299
"../../../Engine/Content/MobileResources/HUD/MobileHUDButton2_off.uasset" 300
"../../../Engine/Content/MobileResources/HUD/MobileHUDButton2_on.uasset" 301
"../../../Engine/Content/MobileResources/HUD/MobileHUDButton3.uasset" 302
"../../../Engine/Content/MobileResources/HUD/MobileHUDButtonFire.uasset" 303
"../../../Engine/Content/MobileResources/HUD/MobileHUDDirectionPad.uasset" 304
"../../../Engine/Content/MobileResources/HUD/MobileHUDDirectionPad2.uasset" 305
"../../../Engine/Content/MobileResources/HUD/MobileHUDDirectionPad3.uasset" 306
"../../../Engine/Content/MobileResources/HUD/MobileHUDDirectionStick.uasset" 307
"../../../Engine/Content/MobileResources/HUD/T_Castle_ThumbstickInner.uasset" 308
"../../../Engine/Content/MobileResources/HUD/T_Castle_ThumbstickOutter.uasset" 309
"../../../Engine/Content/Tutorial/ContentIntroCurve.uasset" 310
"../../../Engine/Content/Tutorial/Basics/LevelEditorAttract.uasset" 311
"../../../Engine/Content/Tutorial/Basics/TutorialAssets/icon_tab_Levels_40x.uasset" 312
"../../../Engine/Content/Tutorial/Basics/LevelEditorOverview.uasset" 313
"../../../Engine/Content/Tutorial/SubEditors/StaticMeshEditorTutorial.uasset" 314
"../../../Engine/Content/VREditor/TransformGizmo/TranslucentTransformGizmoMaterial.uasset" 315
"../../../Engine/Content/VREditor/LaserPointer/VR_LaserPower_01.uasset" 316
"../../../Engine/Content/VREditor/TransformGizmo/TransformGizmoMaterial.uasset" 317
"../../../Engine/Content/VREditor/TransformGizmo/BoundingBoxCorner.uasset" 318
"../../../Engine/Content/VREditor/TransformGizmo/BoundingBoxEdge.uasset" 319
"../../../Engine/Content/VREditor/TransformGizmo/PlaneTranslationHandle.uasset" 320
"../../../Engine/Content/VREditor/TransformGizmo/Xray.uasset" 321
"../../../Engine/Content/VREditor/TransformGizmo/Main.uasset" 322
"../../../Engine/Content/VREditor/TransformGizmo/SM_Sequencer_Key.uasset" 323
"../../../Engine/Content/VREditor/TransformGizmo/SM_Sequencer_Node.uasset" 324
"F:/Git/Call-Of-Gruty/Content/3Dmesh/casa_Esfera.uasset" 325
"F:/Git/Call-Of-Gruty/Content/3Dmesh/Cube.uasset" 326
"F:/Git/Call-Of-Gruty/Content/3Dmesh/Cube_DM.uasset" 327
"F:/Git/Call-Of-Gruty/Content/StarterContent/Textures/T_MacroVariation.uasset" 328
"F:/Git/Call-Of-Gruty/Content/StarterContent/Textures/T_Metal_Gold_D.uasset" 329
"F:/Git/Call-Of-Gruty/Content/StarterContent/Textures/T_Metal_Gold_N.uasset" 330
"F:/Git/Call-Of-Gruty/Content/StarterContent/Materials/M_Metal_Gold.uasset" 331
"F:/Git/Call-Of-Gruty/Content/3Dmesh/Cubos.uasset" 332
"../../../Engine/Content/EngineMaterials/NewBaseFlattenMaterial.uasset" 333
"F:/Git/Call-Of-Gruty/Content/3Dmesh/M_SM_MERGED_casa_Plano_122_tuberias_286D5936428E222C04E8BBA3589A2B2D.uasset" 334
"F:/Git/Call-Of-Gruty/Content/3Dmesh/M_SM_MERGED_casa_Plano_122_morado_ventana_286D5936428E222C04E8BBA3589A2B2D.uasset" 335
"F:/Git/Call-Of-Gruty/Content/3Dmesh/M_SM_MERGED_casa_Plano_122_Material_286D5936428E222C04E8BBA3589A2B2D.uasset" 336
"F:/Git/Call-Of-Gruty/Content/3Dmesh/M_SM_MERGED_casa_Plano_122_Material_002_286D5936428E222C04E8BBA3589A2B2D.uasset" 337
"F:/Git/Call-Of-Gruty/Content/3Dmesh/M_SM_MERGED_casa_Plano_122_Material_001_286D5936428E222C04E8BBA3589A2B2D.uasset" 338
"F:/Git/Call-Of-Gruty/Content/3Dmesh/SM_MERGED_casa_Plano_122.uasset" 339
"F:/Git/Call-Of-Gruty/Content/FirstPerson/Textures/FirstPersonCrosshair.uasset" 340
"F:/Git/Call-Of-Gruty/Content/FirstPersonBP/Blueprints/FirstPersonHUD.uasset" 341
"F:/Git/Call-Of-Gruty/Content/Anim/Wii_-_Despicable_Me_The_Game_-_Gru__1__PhysicsAsset.uasset" 342
"F:/Git/Call-Of-Gruty/Content/Anim/Textures/tex1_256x256_m_18ddd8384c4d5a5e_14.uasset" 343
"F:/Git/Call-Of-Gruty/Content/Anim/Textures/low_face_gru.uasset" 344
"F:/Git/Call-Of-Gruty/Content/Anim/Textures/gru_facemat.uasset" 345
"F:/Git/Call-Of-Gruty/Content/Anim/Textures/tex1_256x256_m_0a2d8c860cc24e5a_14.uasset" 346
"F:/Git/Call-Of-Gruty/Content/Anim/Textures/low_skin_gru.uasset" 347
"F:/Git/Call-Of-Gruty/Content/Anim/Textures/gru_bodymat.uasset" 348
"F:/Git/Call-Of-Gruty/Content/Anim/Wii_-_Despicable_Me_The_Game_-_Gru__1__Skeleton.uasset" 349
"F:/Git/Call-Of-Gruty/Content/Anim/Wii_-_Despicable_Me_The_Game_-_Gru__1_.uasset" 350
"F:/Git/Call-Of-Gruty/Content/FirstPerson/Meshes/BaseMaterial.uasset" 351
"F:/Git/Call-Of-Gruty/Content/FirstPerson/Meshes/FirstPersonProjectileMaterial.uasset" 352
"F:/Git/Call-Of-Gruty/Content/FirstPerson/Meshes/FirstPersonProjectileMesh.uasset" 353
"F:/Git/Call-Of-Gruty/Content/FirstPersonBP/Blueprints/FirstPersonProjectile.uasset" 354
"../../../Engine/Content/Animation/DefaultAnimCurveCompressionSettings.uasset" 355
"../../../Engine/Content/Animation/DefaultAnimBoneCompressionSettings.uasset" 356
"F:/Git/Call-Of-Gruty/Content/Anim/Running_Anim.uasset" 357
"F:/Git/Call-Of-Gruty/Content/Anim/NIdel/idle.uasset" 358
"F:/Git/Call-Of-Gruty/Content/Anim/NewBlendSpace.uasset" 359
"F:/Git/Call-Of-Gruty/Content/Anim/Blueprint_Anim_Gru.uasset" 360
"F:/Git/Call-Of-Gruty/Content/FirstPerson/Audio/FirstPersonTemplateWeaponFire02.uasset" 361
"F:/Git/Call-Of-Gruty/Content/FirstPerson/Character/Mesh/SK_Mannequin_Arms_Skeleton.uasset" 362
"F:/Git/Call-Of-Gruty/Content/FirstPerson/Animations/FirstPerson_Fire.uasset" 363
"F:/Git/Call-Of-Gruty/Content/FirstPerson/Animations/FirstPersonFire_Montage.uasset" 364
"F:/Git/Call-Of-Gruty/Content/AnimStarterPack/Ue4ASP_Character.uasset" 365
"F:/Git/Call-Of-Gruty/Content/FirstPersonBP/Blueprints/FirstPersonGameMode.uasset" 366
"F:/Git/Call-Of-Gruty/Content/FPS_Weapon_Bundle/Weapons/Meshes/G67_Grenade/SK_G67_X_Skeleton.uasset" 367
"F:/Git/Call-Of-Gruty/Content/FPS_Weapon_Bundle/Weapons/Meshes/G67_Grenade/SK_G67_X_Physics.uasset" 368
"F:/Git/Call-Of-Gruty/Content/FPS_Weapon_Bundle/Weapons/Textures/Patterns/T_Stripes__Pattern.uasset" 369
"F:/Git/Call-Of-Gruty/Content/FPS_Weapon_Bundle/Weapons/Textures/KA74U/T_KA74U_NRM.uasset" 370
"F:/Git/Call-Of-Gruty/Content/FPS_Weapon_Bundle/Weapons/Textures/KA74U/T_KA74U_M_MSK.uasset" 371
"F:/Git/Call-Of-Gruty/Content/FPS_Weapon_Bundle/Weapons/Textures/KA74U/T_KA74U_ALB.uasset" 372
"F:/Git/Call-Of-Gruty/Content/FPS_Weapon_Bundle/Weapons/Materials/Master_Material/M_Weapon_Master_USE.uasset" 373
"F:/Git/Call-Of-Gruty/Content/FPS_Weapon_Bundle/Weapons/Textures/G67_Grenade/T_G67_NRM.uasset" 374
"F:/Git/Call-Of-Gruty/Content/FPS_Weapon_Bundle/Weapons/Textures/G67_Grenade/T_G67_M_MSK.uasset" 375
"F:/Git/Call-Of-Gruty/Content/FPS_Weapon_Bundle/Weapons/Textures/G67_Grenade/T_G67_ALB.uasset" 376
"F:/Git/Call-Of-Gruty/Content/FPS_Weapon_Bundle/Weapons/Materials/G67_Grenade/M_G67.uasset" 377
"F:/Git/Call-Of-Gruty/Content/FPS_Weapon_Bundle/Weapons/Meshes/G67_Grenade/SK_G67_X.uasset" 378
"F:/Git/Call-Of-Gruty/Content/FPS_Weapon_Bundle/Weapons/Meshes/KA74U/SK_KA74U_X_Skeleton.uasset" 379
"F:/Git/Call-Of-Gruty/Content/FPS_Weapon_Bundle/Weapons/Meshes/KA74U/SK_KA74U_X_Physics.uasset" 380
"F:/Git/Call-Of-Gruty/Content/FPS_Weapon_Bundle/Weapons/Materials/KA74U/M_KA74U.uasset" 381
"F:/Git/Call-Of-Gruty/Content/FPS_Weapon_Bundle/Weapons/Textures/Ammunition/T_762x39_NRM.uasset" 382
"F:/Git/Call-Of-Gruty/Content/FPS_Weapon_Bundle/Weapons/Textures/Ammunition/T_762x39_M_MSK.uasset" 383
"F:/Git/Call-Of-Gruty/Content/FPS_Weapon_Bundle/Weapons/Textures/Ammunition/T_762x39_ALB.uasset" 384
"F:/Git/Call-Of-Gruty/Content/FPS_Weapon_Bundle/Weapons/Materials/Ammunition/M_762x39_Empty.uasset" 385
"F:/Git/Call-Of-Gruty/Content/FPS_Weapon_Bundle/Weapons/Meshes/KA74U/SK_KA74U_X.uasset" 386
"F:/Git/Call-Of-Gruty/Content/FPS_Weapon_Bundle/Weapons/Meshes/M9_Knife/SK_M9_Knife_Skeleton.uasset" 387
"F:/Git/Call-Of-Gruty/Content/FPS_Weapon_Bundle/Weapons/Meshes/M9_Knife/SK_M9_Knife_Physics.uasset" 388
"F:/Git/Call-Of-Gruty/Content/FPS_Weapon_Bundle/Weapons/Textures/M9_Knife/T_M9_NRM.uasset" 389
"F:/Git/Call-Of-Gruty/Content/FPS_Weapon_Bundle/Weapons/Textures/M9_Knife/T_M9_M_MSK.uasset" 390
"F:/Git/Call-Of-Gruty/Content/FPS_Weapon_Bundle/Weapons/Textures/M9_Knife/T_M9_ALB.uasset" 391
"F:/Git/Call-Of-Gruty/Content/FPS_Weapon_Bundle/Weapons/Materials/M9_Knife/M_M9_Knife.uasset" 392
"F:/Git/Call-Of-Gruty/Content/FPS_Weapon_Bundle/Weapons/Meshes/M9_Knife/SK_M9_Knife.uasset" 393
"F:/Git/Call-Of-Gruty/Content/FPS_Weapon_Bundle/Weapons/Meshes/SMG11/SK_SMG11_Nostock_X_Skeleton.uasset" 394
"F:/Git/Call-Of-Gruty/Content/FPS_Weapon_Bundle/Weapons/Meshes/SMG11/SK_SMG11_Nostock_X_Physics.uasset" 395
"F:/Git/Call-Of-Gruty/Content/FPS_Weapon_Bundle/Weapons/Textures/SMG11/T_SMG11_Rem_NRM.uasset" 396
"F:/Git/Call-Of-Gruty/Content/FPS_Weapon_Bundle/Weapons/Textures/SMG11/T_SMG11_Rem_M_MSK.uasset" 397
"F:/Git/Call-Of-Gruty/Content/FPS_Weapon_Bundle/Weapons/Textures/SMG11/T_SMG11_Rem_ALB.uasset" 398
"F:/Git/Call-Of-Gruty/Content/FPS_Weapon_Bundle/Weapons/Materials/SMG11/M_SMG11_Rem.uasset" 399
"F:/Git/Call-Of-Gruty/Content/FPS_Weapon_Bundle/Weapons/Textures/SMG11/T_SMG11_NRM.uasset" 400
"F:/Git/Call-Of-Gruty/Content/FPS_Weapon_Bundle/Weapons/Textures/SMG11/T_SMG11_M_MSK.uasset" 401
"F:/Git/Call-Of-Gruty/Content/FPS_Weapon_Bundle/Weapons/Textures/SMG11/T_SMG11_ALB.uasset" 402
"F:/Git/Call-Of-Gruty/Content/FPS_Weapon_Bundle/Weapons/Materials/SMG11/M_SMG11.uasset" 403
"F:/Git/Call-Of-Gruty/Content/FPS_Weapon_Bundle/Weapons/Textures/Ammunition/T_9mm_NRM.uasset" 404
"F:/Git/Call-Of-Gruty/Content/FPS_Weapon_Bundle/Weapons/Textures/Ammunition/T_9mm_M_MSK.uasset" 405
"F:/Git/Call-Of-Gruty/Content/FPS_Weapon_Bundle/Weapons/Textures/Ammunition/T_9mm_ALB.uasset" 406
"F:/Git/Call-Of-Gruty/Content/FPS_Weapon_Bundle/Weapons/Materials/Ammunition/M_9mm.uasset" 407
"F:/Git/Call-Of-Gruty/Content/FPS_Weapon_Bundle/Weapons/Meshes/SMG11/SK_SMG11_Nostock_X.uasset" 408
"F:/Git/Call-Of-Gruty/Content/PN_interactiveSpruceForest/Textures/MasterTextures/ModelTextures/Leaf_O.uasset" 409
"F:/Git/Call-Of-Gruty/Content/PN_interactiveSpruceForest/Textures/MasterTextures/ModelTextures/Leaf_N.uasset" 410
"F:/Git/Call-Of-Gruty/Content/PN_interactiveSpruceForest/Textures/MasterTextures/ModelTextures/Leaf_AOSM.uasset" 411
"F:/Git/Call-Of-Gruty/Content/PN_interactiveSpruceForest/Textures/MasterTextures/ModelTextures/Leaf_A_02.uasset" 412
"F:/Git/Call-Of-Gruty/Content/PN_interactiveSpruceForest/Textures/MasterTextures/ModelTextures/Branch_N.uasset" 413
"F:/Git/Call-Of-Gruty/Content/PN_interactiveSpruceForest/Textures/MasterTextures/ModelTextures/Branch_AOSH.uasset" 414
"F:/Git/Call-Of-Gruty/Content/PN_interactiveSpruceForest/Textures/MasterTextures/ModelTextures/Branch_A.uasset" 415
"F:/Git/Call-Of-Gruty/Content/PN_interactiveSpruceForest/Textures/MasterTextures/ModelTextures/Bark_AOSH.uasset" 416
"F:/Git/Call-Of-Gruty/Content/PN_interactiveSpruceForest/Textures/MasterTextures/ModelTextures/Bark_A_.uasset" 417
"F:/Git/Call-Of-Gruty/Content/PN_interactiveSpruceForest/Textures/MasterTextures/CoverTextures/Moss_N.uasset" 418
"F:/Git/Call-Of-Gruty/Content/PN_interactiveSpruceForest/Textures/MasterTextures/CoverTextures/Moss_AOSH.uasset" 419
"F:/Git/Call-Of-Gruty/Content/PN_interactiveSpruceForest/Textures/MasterTextures/CoverTextures/Moss_A.uasset" 420
"../../../Engine/Content/Functions/Engine_MaterialFunctions02/PivotPainter2/ms_PivotPainter2_DecodePostion.uasset" 421
"../../../Engine/Content/Functions/Engine_MaterialFunctions02/PivotPainter2/ms_PivotPainter2_DecodeAxisVector.uasset" 422
"../../../Engine/Content/Functions/Engine_MaterialFunctions02/ExampleContent/PivotPainter2/SimpExPivPos.uasset" 423
"../../../Engine/Content/Functions/Engine_MaterialFunctions02/ExampleContent/PivotPainter2/PP2_rgb_XVect_a_XExtent.uasset" 424
"F:/Git/Call-Of-Gruty/Content/PN_interactiveSpruceForest/Materials/MaterialFunctions/PN_Bending.uasset" 425
"F:/Git/Call-Of-Gruty/Content/PN_interactiveSpruceForest/Materials/MaterialFunctions/PN_BendingParameters.uasset" 426
"F:/Git/Call-Of-Gruty/Content/PN_interactiveSpruceForest/Materials/PN_WindParameters.uasset" 427
"../../../Engine/Content/Functions/Engine_MaterialFunctions02/ExampleContent/PivotPainter2/test2_rgb_PivotPos_a_ParentIndexInt_UV_2.uasset" 428
"../../../Engine/Content/Functions/Engine_MaterialFunctions02/ExampleContent/Textures/WindTurblenceVectorAndGustMagnitude.uasset" 429
"../../../Engine/Content/Functions/Engine_MaterialFunctions02/PivotPainter2/ms_PivotPainter2_Decode8BitAlphaAxisExtent.uasset" 430
"../../../Engine/Content/Functions/Engine_MaterialFunctions02/WorldPositionOffset/ObjectScale.uasset" 431
"F:/Git/Call-Of-Gruty/Content/PN_interactiveSpruceForest/Materials/MaterialFunctions/PN_WindAnimation.uasset" 432
"../../../Engine/Content/Functions/Engine_MaterialFunctions02/WorldPositionOffset/ObjectPivotPoint.uasset" 433
"F:/Git/Call-Of-Gruty/Content/PN_interactiveSpruceForest/Materials/MaterialFunctions/PN_MultiBend.uasset" 434
"../../../Engine/Content/Functions/Engine_MaterialFunctions02/PivotPainter2/2dArrayLookupByIndex.uasset" 435
"../../../Engine/Content/Functions/Engine_MaterialFunctions02/PivotPainter2/ms_PivotPainter2_ReturnParentTextureInfo.uasset" 436
"../../../Engine/Content/Functions/Engine_MaterialFunctions02/PivotPainter2/ms_PivotPainter2_CalculateMeshElementIndex.uasset" 437
"../../../Engine/Content/Functions/Engine_MaterialFunctions02/ms_PivotPainter2_UnpackIntegerAsFloat.uasset" 438
"../../../Engine/Content/Functions/Engine_MaterialFunctions02/Math/TimeWithSpeedVariable.uasset" 439
"../../../Engine/Content/Functions/Engine_MaterialFunctions02/Lerp_Multiple_Float2.uasset" 440
"F:/Git/Call-Of-Gruty/Content/PN_interactiveSpruceForest/Materials/MaterialFunctions/PN_AnimationShader.uasset" 441
"../../../Engine/Content/Functions/Engine_MaterialFunctions01/Gradient/LinearGradient.uasset" 442
"../../../Engine/Content/Functions/Engine_MaterialFunctions01/ImageAdjustment/CheapContrast.uasset" 443
"../../../Engine/Content/Functions/Engine_MaterialFunctions02/Texturing/HeightLerp.uasset" 444
"../../../Engine/Content/Functions/Engine_MaterialFunctions01/Texturing/FlattenNormal.uasset" 445
"../../../Engine/Content/Functions/Engine_MaterialFunctions02/SmoothThreshold.uasset" 446
"../../../Engine/Content/Functions/Engine_MaterialFunctions01/SpeedTree/SpeedTreeColorVariation.uasset" 447
"../../../Engine/Content/Functions/Engine_MaterialFunctions01/Shading/FuzzyShadingGrass.uasset" 448
"../../../Engine/Content/MapTemplates/TilingNoise05.uasset" 449
"F:/Git/Call-Of-Gruty/Content/PN_interactiveSpruceForest/Materials/MasterMaterials/MA_Summer.uasset" 450
"F:/Git/Call-Of-Gruty/Content/PN_interactiveSpruceForest/Textures/PivotPainterTextures/full/low/spruce_full_03_low_VEC.uasset" 451
"F:/Git/Call-Of-Gruty/Content/PN_interactiveSpruceForest/Textures/PivotPainterTextures/full/low/spruce_full_03_low_PIV.uasset" 452
"F:/Git/Call-Of-Gruty/Content/PN_interactiveSpruceForest/Materials/MaterialInstances/full/low/spruce_full_03_low_MA.uasset" 453
"F:/Git/Call-Of-Gruty/Content/PN_interactiveSpruceForest/Materials/MaterialInstances/full/low/spruce_full_03_low_trunk.uasset" 454
"F:/Git/Call-Of-Gruty/Content/PN_interactiveSpruceForest/Materials/MaterialInstances/full/low/spruce_full_03_low_leaf.uasset" 455
"F:/Git/Call-Of-Gruty/Content/PN_interactiveSpruceForest/Materials/MaterialInstances/full/low/spruce_full_03_low_branch.uasset" 456
"F:/Git/Call-Of-Gruty/Content/PN_interactiveSpruceForest/Textures/Imposter/full_03_imposter_O.uasset" 457
"F:/Git/Call-Of-Gruty/Content/PN_interactiveSpruceForest/Textures/Imposter/full_03_imposter_N.uasset" 458
"F:/Git/Call-Of-Gruty/Content/PN_interactiveSpruceForest/Textures/Imposter/full_03_imposter_A_unlit.uasset" 459
"F:/Git/Call-Of-Gruty/Content/PN_interactiveSpruceForest/Textures/PivotPainterTextures/imposter/Imposter_VEC.uasset" 460
"F:/Git/Call-Of-Gruty/Content/PN_interactiveSpruceForest/Textures/PivotPainterTextures/imposter/Imposter_PIV.uasset" 461
"../../../Engine/Content/EngineResources/DefaultTexture.uasset" 462
"../../../Engine/Content/EngineMaterials/DefaultNormal.uasset" 463
"../../../Engine/Content/Functions/Engine_MaterialFunctions02/SafeNormalize.uasset" 464
"../../../Engine/Content/Functions/Engine_MaterialFunctions02/Math/Transform3x3Matrix.uasset" 465
"../../../Engine/Content/Functions/Engine_MaterialFunctions02/Math/Pi.uasset" 466
"../../../Engine/Content/Functions/Engine_MaterialFunctions02/Utility/VectorToRadialValue.uasset" 467
"../../../Engine/Content/ArtTools/RenderToTexture/MaterialFunctions/FoliageZRotation.uasset" 468
"../../../Engine/Content/Functions/Engine_MaterialFunctions02/Math/CreateThirdOrthogonalVector.uasset" 469
"../../../Engine/Content/ArtTools/RenderToTexture/MaterialFunctions/ImposterUVs.uasset" 470
"F:/Git/Call-Of-Gruty/Content/PN_interactiveSpruceForest/Materials/MasterMaterials/MA_Imposter.uasset" 471
"F:/Git/Call-Of-Gruty/Content/PN_interactiveSpruceForest/Materials/MaterialInstances/imposter/low/full_03_imposter.uasset" 472
"F:/Git/Call-Of-Gruty/Content/PN_interactiveSpruceForest/Meshes/full/low/spruce_full_03_low.uasset" 473
"F:/Git/Call-Of-Gruty/Content/PN_interactiveSpruceForest/Meshes/full/low/spruce_full_03_low_DM.uasset" 474
"F:/Git/Call-Of-Gruty/Content/StarterContent/Textures/T_Smoke_Tiled_D.uasset" 475
"F:/Git/Call-Of-Gruty/Content/StarterContent/Textures/T_Smoke_SubUV.uasset" 476
"F:/Git/Call-Of-Gruty/Content/StarterContent/Particles/Materials/M_smoke_subUV.uasset" 477
"F:/Git/Call-Of-Gruty/Content/StarterContent/Particles/P_Smoke.uasset" 478
"F:/Git/Call-Of-Gruty/Content/PN_interactiveSpruceForest/Textures/PivotPainterTextures/small/small_07_VEC.uasset" 479
"F:/Git/Call-Of-Gruty/Content/PN_interactiveSpruceForest/Textures/PivotPainterTextures/small/small_07_PIV.uasset" 480
"F:/Git/Call-Of-Gruty/Content/PN_interactiveSpruceForest/Materials/MaterialInstances/small/spruce_small_07_MA.uasset" 481
"F:/Git/Call-Of-Gruty/Content/PN_interactiveSpruceForest/Materials/MaterialInstances/small/spruce_small_07_trunk.uasset" 482
"F:/Git/Call-Of-Gruty/Content/PN_interactiveSpruceForest/Materials/MaterialInstances/small/spruce_small_07_leaf.uasset" 483
"F:/Git/Call-Of-Gruty/Content/PN_interactiveSpruceForest/Materials/MaterialInstances/small/spruce_small_07_branch.uasset" 484
"F:/Git/Call-Of-Gruty/Content/PN_interactiveSpruceForest/Meshes/small/spruce_small_07.uasset" 485
"F:/Git/Call-Of-Gruty/Content/PN_interactiveSpruceForest/Meshes/small/spruce_small_07_DM.uasset" 486
"F:/Git/Call-Of-Gruty/Content/PN_interactiveSpruceForest/Meshes/small/Tree_LOW.uasset" 487
"../../Plugins/2D/Paper2D/Content/PlaceholderTextures/DummySpriteTexture.uasset" 488
"../../Plugins/2D/Paper2D/Content/DummySprite.uasset" 489
"../../Plugins/2D/Paper2D/Content/DefaultPaperTerrainMaterial.uasset" 490
"../../Plugins/2D/Paper2D/Content/DefaultSpriteMaterial.uasset" 491
"../../Plugins/2D/Paper2D/Content/MaskedUnlitSpriteMaterial.uasset" 492
"../../Plugins/2D/Paper2D/Content/OpaqueUnlitSpriteMaterial.uasset" 493
"../../Plugins/Editor/SpeedTreeImporter/Content/SpeedTree9/UnpackInteger3.uasset" 494
"../../Plugins/Editor/SpeedTreeImporter/Content/SpeedTree9/UnpackDirection.uasset" 495
"../../Plugins/Editor/SpeedTreeImporter/Content/SpeedTree9/game_wind_noise.uasset" 496
"../../Plugins/Editor/SpeedTreeImporter/Content/SpeedTree9/SpeedTreeWindMotion.uasset" 497
"../../Plugins/Editor/SpeedTreeImporter/Content/SpeedTree9/SpeedTreeBranchMotion.uasset" 498
"../../../Engine/Content/Functions/Engine_MaterialFunctions02/ObjectLocalBounds.uasset" 499
"../../../Engine/Content/Functions/Engine_MaterialFunctions02/UVs/BoundingBoxBased_0-1_UVW.uasset" 500
"../../Plugins/Editor/SpeedTreeImporter/Content/SpeedTree9/SpeedTreeWind.uasset" 501
"../../Plugins/Editor/SpeedTreeImporter/Content/SpeedTree9/SpeedTreeBillboard.uasset" 502
"../../Plugins/Editor/SpeedTreeImporter/Content/SpeedTree9/SpeedTreeBillboardMaster.uasset" 503
"../../Plugins/Editor/SpeedTreeImporter/Content/SpeedTree9/SpeedTreeCameraFacing.uasset" 504
"../../Plugins/Editor/SpeedTreeImporter/Content/SpeedTree9/SpeedTreeMaster.uasset" 505
"F:/Git/Call-Of-Gruty/Content/WaterPlane/Environment/Textures/T_Rock_Basalt_D.uasset" 506
"F:/Git/Call-Of-Gruty/Content/WaterPlane/Environment/Textures/T_RockMesh_N.uasset" 507
"F:/Git/Call-Of-Gruty/Content/WaterPlane/Environment/Textures/T_RockMesh_M.uasset" 508
"F:/Git/Call-Of-Gruty/Content/WaterPlane/Environment/Textures/T_Detail_Rocky_N.uasset" 509
"../../../Engine/Content/Functions/Engine_MaterialFunctions02/Utility/BlendAngleCorrectedNormals.uasset" 510
"F:/Git/Call-Of-Gruty/Content/WaterPlane/Environment/Props/Materials/M_Rock.uasset" 511
"F:/Git/Call-Of-Gruty/Content/WaterPlane/Environment/Props/SM_Rock.uasset" 512
"F:/Git/Call-Of-Gruty/Content/WaterPlane/Environment/Props/SM_Rock_DM.uasset" 513
"F:/Git/Call-Of-Gruty/Content/widgets/life.uasset" 514
"../../Plugins/FX/Niagara/Content/Enums/ENiagaraCoordinateSpace.uasset" 515
"../../Plugins/FX/Niagara/Content/Enums/ENiagaraOrientationAxis.uasset" 516
"../../Plugins/FX/Niagara/Content/Enums/ENiagaraRandomnessMode.uasset" 517
"../../Plugins/FX/Niagara/Content/Icons/S_ParticleSystem.uasset" 518
"../../../Engine/Content/BasicShapes/Cylinder.uasset" 519
"../../../Engine/Content/ArtTools/RenderToTexture/Materials/Debug/M_Emissive_Color.uasset" 520
"../../Plugins/Lumin/MagicLeapPassableWorld/Content/MagicLeapARPinInfoActor.uasset" 521
"../../Plugins/Experimental/Landmass/Content/Landscape/Textures/LS_Debug_RT_01.uasset" 522
"../../Plugins/Experimental/Landmass/Content/DistanceFields/Materials/BlurEdges.uasset" 523
"../../Plugins/Experimental/Landmass/Content/Landscape/Mats/MPC/MPC_Erosion.uasset" 524
"../../Plugins/Experimental/Landmass/Content/DistanceFields/Materials/DetectEdges.uasset" 525
"../../Plugins/Experimental/Landmass/Content/Landscape/BlueprintBrushes/MPC/MPC_Landscape.uasset" 526
"../../../Engine/Content/EngineResources/Black.uasset" 527
"../../Plugins/Experimental/Landmass/Content/DistanceFields/Materials/JumpFloodStep.uasset" 528
"../../Plugins/Experimental/Landmass/Content/Landscape/Curves/DynamicCurve_RT.uasset" 529
"../../Plugins/Experimental/Landmass/Content/Landscape/BlueprintBrushes/MF/PointSampleLandscapeUVs.uasset" 530
"../../../Engine/Content/EngineResources/Black_Low.uasset" 531
"../../Plugins/Experimental/Landmass/Content/Landscape/BlueprintBrushes/MF/SampleDistanceField.uasset" 532
"../../Plugins/Experimental/Landmass/Content/Landscape/BlueprintBrushes/MF/LocalizeLandscapeZValue.uasset" 533
"../../Plugins/Experimental/Landmass/Content/Landscape/BlueprintBrushes/Materials/CacheDistanceField.uasset" 534
"../../../Engine/Content/Functions/Engine_MaterialFunctions02/TangentBasis.uasset" 535
"../../Plugins/Experimental/Landmass/Content/Landscape/BlueprintBrushes/Materials/RenderSplineDepths.uasset" 536
"../../Plugins/Experimental/Water/Content/Curves/FloatCurve.uasset" 537
"../../Plugins/Experimental/Water/Content/Curves/FloatCurve_WaterBodyIsland.uasset" 538
"../../Plugins/Experimental/Water/Content/Icons/WaterBodyLakeSprite.uasset" 539
"../../Plugins/Experimental/Water/Content/Icons/WaterBodyRiverSprite.uasset" 540
"../../Plugins/Experimental/Water/Content/Icons/WaterSprite.uasset" 541
"../../Plugins/Experimental/Water/Content/Materials/Brushes/CanvasDrawing.uasset" 542
"../../Plugins/Experimental/Landmass/Content/Landscape/BlueprintBrushes/MF/ReadCachedDistanceField.uasset" 543
"../../Plugins/Experimental/Water/Content/Materials/Brushes/CompositeWaterBodyTexture.uasset" 544
"../../Plugins/Experimental/Water/Content/Materials/MPC/MPC_Water.uasset" 545
"../../Plugins/Experimental/Landmass/Content/Landscape/BlueprintBrushes/MF/UnpackRG8Height.uasset" 546
"../../Plugins/Experimental/Water/Content/Materials/Brushes/FinalizeWaterTexture.uasset" 547
"../../Plugins/Experimental/Landmass/Content/Landscape/Mats/MF/SmoothTerracing.uasset" 548
"../../../Engine/Content/Functions/Engine_MaterialFunctions02/WorldPositionOffset/GenerateASpline.uasset" 549
"../../Plugins/Experimental/Landmass/Content/Landscape/Mats/MF/CatmullRomTexture.uasset" 550
"../../Plugins/Experimental/Landmass/Content/Landscape/BlueprintBrushes/MF/SmoothIntersections.uasset" 551
"../../../Engine/Content/Functions/Engine_MaterialFunctions01/Math/SmoothCeil.uasset" 552
"../../Plugins/Experimental/Landmass/Content/Landscape/BlueprintBrushes/MF/BrushTerracing.uasset" 553
"../../../Engine/Content/Functions/Engine_MaterialFunctions01/ImageAdjustment/SCurve.uasset" 554
"../../Plugins/Experimental/Landmass/Content/Landscape/BlueprintBrushes/MF/BrushDisplaceMask.uasset" 555
"../../Plugins/Experimental/Landmass/Content/Landscape/BlueprintBrushes/MF/BrushBlendModes.uasset" 556
"../../Plugins/Experimental/Landmass/Content/Landscape/BlueprintBrushes/MF/BrushAlphaMask.uasset" 557
"../../Plugins/Experimental/Landmass/Content/Landscape/Mats/MF/UnpackRG8Height.uasset" 558
"../../Plugins/Experimental/Landmass/Content/Landscape/BlueprintBrushes/MF/PackRG8Height.uasset" 559
"../../Plugins/Experimental/Water/Content/Materials/Brushes/MeshBrush_Angle.uasset" 560
"../../Plugins/Experimental/Water/Content/Materials/Brushes/MeshBrush_Island.uasset" 561
"../../Plugins/Experimental/Water/Content/Materials/Brushes/MeshBrush_Weightmap.uasset" 562
"../../Plugins/Experimental/Landmass/Content/Landscape/Mats/MF/SmoothIntersections.uasset" 563
"../../Plugins/Experimental/Landmass/Content/Landscape/Mats/MF/BrushTerracing.uasset" 564
"../../Plugins/Experimental/Landmass/Content/Landscape/Mats/MF/BrushDisplaceMask.uasset" 565
"../../Plugins/Experimental/Landmass/Content/Landscape/Mats/MF/BrushBlendModes.uasset" 566
"../../Plugins/Experimental/Landmass/Content/Landscape/Mats/MF/BrushAlphaMask.uasset" 567
"../../Plugins/Experimental/Water/Content/Materials/Brushes/MeshBrush_Width.uasset" 568
"../../Plugins/Experimental/Water/Content/Materials/Functions/ComputeWavesAttenuationFactor.uasset" 569
"../../Plugins/Experimental/Water/Content/Materials/Functions/HighQualityTextureFiltering.uasset" 570
"../../../Engine/Content/Functions/Engine_MaterialFunctions02/PivotPainter2/Black_1x1_EXR_Texture.uasset" 571
"../../Plugins/Experimental/Water/Content/Materials/Functions/WaterBodyData.uasset" 572
"../../Plugins/Experimental/Water/Content/Materials/Functions/WaveDepthFalloff_Overrides.uasset" 573
"../../Plugins/Experimental/Water/Content/Materials/Functions/GetWaterTime.uasset" 574
"../../Plugins/Experimental/Water/Content/Materials/Functions/ComputeGerstnerWaves.uasset" 575
"../../../Engine/Content/Functions/Engine_MaterialFunctions01/Volumetrics/SchlickPhase.uasset" 576
"../../Plugins/Experimental/Water/Content/Materials/PostProcessing/M_UnderWater_PostProcess_Volume.uasset" 577
"../../Plugins/Experimental/Water/Content/Textures/Foam/T_WaterFlow_01_Foam_Tiled_N.uasset" 578
"../../Plugins/Experimental/Water/Content/Textures/Foam/T_WaterFlow_01_Foam_Tiled.uasset" 579
"../../Plugins/Experimental/Water/Content/FluidSimulation/WaveFoam/FoamRT.uasset" 580
"../../Plugins/Experimental/Water/Content/FluidSimulation/WaveFoam/WaterDistanceField.uasset" 581
"../../Plugins/Experimental/Water/Content/Textures/Normals/T_Water_TilingNormal_With_Height_02_Softened.uasset" 582
"../../../Engine/Content/Functions/Engine_MaterialFunctions03/Procedurals/NormalFromHeightmap.uasset" 583
"../../../Engine/Content/Functions/Engine_MaterialFunctions01/Gradient/BoxMask-2D.uasset" 584
"../../../Engine/Content/EngineSky/VolumetricClouds/T_NoiseShape.uasset" 585
"../../../Engine/Content/EngineSky/VolumetricClouds/T_VolumeNoiseShape128.uasset" 586
"../../Plugins/Experimental/Water/Content/Materials/Layers/BeachFoam.uasset" 587
"../../Plugins/Experimental/Water/Content/Materials/Functions/WaveVelocityMask.uasset" 588
"../../../Engine/Content/Functions/Engine_MaterialFunctions02/ExampleContent/Textures/water_n.uasset" 589
"../../../Engine/Content/Functions/Engine_MaterialFunctions02/ExampleContent/Textures/water_d.uasset" 590
"../../../Engine/Content/Functions/Engine_MaterialFunctions02/ExampleContent/Textures/LowResBlurredNoise.uasset" 591
"../../../Engine/Content/Functions/Engine_MaterialFunctions02/Math/AddComponents.uasset" 592
"../../../Engine/Content/Functions/Engine_MaterialFunctions02/Math/MakeVectorsOrthogonal.uasset" 593
"../../../Engine/Content/Functions/Engine_MaterialFunctions02/Utility/LinearSine.uasset" 594
"../../../Engine/Content/Functions/Engine_MaterialFunctions02/Texturing/Flowmaps.uasset" 595
"../../../Engine/Content/Functions/Engine_MaterialFunctions01/Coordinates/WorldPosition-XY.uasset" 596
"../../Plugins/Experimental/Water/Content/Materials/Functions/WaterRiverFlowmaps.uasset" 597
"../../Plugins/Experimental/Water/Content/Materials/Functions/WaterOpacityMaskFromDepth.uasset" 598
"../../Plugins/Experimental/Water/Content/Materials/Functions/WaterHeightMappingVS.uasset" 599
"../../Plugins/Experimental/Water/Content/Materials/Functions/WaterCoefficientMask.uasset" 600
"../../Plugins/Experimental/Water/Content/FluidSimulation/Materials/Functions/Fluidsim_WorldPosition_to_UV.uasset" 601
"../../../Engine/Content/Functions/Engine_MaterialFunctions01/Opacity/AlphaOffset.uasset" 602
"../../Plugins/Experimental/Water/Content/Materials/Functions/SampleFluidSimulation.uasset" 603
"../../Plugins/Experimental/Water/Content/Materials/Layers/WaterAttributes.uasset" 604
"../../Plugins/Experimental/Water/Content/Materials/Functions/WaterTextureWaves.uasset" 605
"../../Plugins/Experimental/Water/Content/Materials/Functions/WaterTextureSurface.uasset" 606
"../../Plugins/Experimental/Water/Content/Materials/Functions/Water_Underside.uasset" 607
"../../Plugins/Experimental/Water/Content/Materials/Functions/SetWaveAttributes.uasset" 608
"../../Plugins/Experimental/Water/Content/Materials/Functions/WorldPositionBehindWater.uasset" 609
"../../Plugins/Experimental/Water/Content/Materials/Functions/WorldNormalBehindWater.uasset" 610
"../../Plugins/Experimental/Water/Content/Caustics/Materials/Functions/GetDistortionUV.uasset" 611
"../../Plugins/Experimental/Water/Content/Caustics/Materials/Functions/WaterCaustics_GerstnerWaves.uasset" 612
"../../Plugins/Experimental/Water/Content/Materials/WaterSurface/Water_Material.uasset" 613
"../../Plugins/Experimental/Water/Content/Materials/WaterSurface/Water_Material_Inst.uasset" 614
"../../Plugins/Experimental/Water/Content/Materials/WaterSurface/Water_Material_Lake.uasset" 615
"../../Plugins/Experimental/Water/Content/Materials/WaterSurface/Water_Material_River.uasset" 616
"../../Plugins/Experimental/Water/Content/Materials/WaterSurface/Transitions/Water_Material_River_To_Lake_Transition.uasset" 617
"../../Plugins/Experimental/Water/Content/Materials/WaterSurface/Transitions/Water_Material_River_To_Ocean_Transition.uasset" 618
"../../Plugins/Experimental/Water/Content/Meshes/LakeMesh.uasset" 619
"../../Plugins/Experimental/Water/Content/Meshes/RiverMesh.uasset" 620
"../../Plugins/Experimental/Water/Content/Waves/GerstnerWaves_Lake.uasset" 621
"../../Plugins/Experimental/Water/Content/Waves/GerstnerWaves_Ocean.uasset" 622
"../../../Engine/Content/Functions/Engine_MaterialFunctions02/Utility/BreakOutFloat4Components.uasset" 623
"../../Plugins/Runtime/Oculus/OculusVR/Content/Materials/OculusMR_ChromaKey.uasset" 624
"../../Plugins/Runtime/Oculus/OculusVR/Content/Materials/OculusMR_OpaqueColoredMaterial.uasset" 625
"../../Plugins/Runtime/Oculus/OculusVR/Content/Materials/PokeAHoleMaterial.uasset" 626
"../../../Engine/Content/Maps/Entry_BuiltData.uasset" 627
"../../../Engine/Content/Maps/Entry.umap" 628
"F:/Git/Call-Of-Gruty/Content/Nieve.uasset" 629
"F:/Git/Call-Of-Gruty/Content/Megascans/Surfaces/grass_uncut_oeeb70/Albedo_4K_oeeb70.uasset" 630
"F:/Git/Call-Of-Gruty/Content/Materiales/vctndcklw_512K_Albedo.uasset" 631
"../../../Engine/Content/EngineMaterials/WeightMapPlaceholderTexture.uasset" 632
"F:/Git/Call-Of-Gruty/Content/StarterContent/Textures/T_Ground_Grass_D1_LOW.uasset" 633
"F:/Git/Call-Of-Gruty/Content/StarterContent/Textures/T_Ground_Grass_D.uasset" 634
"../../../Engine/Content/EngineSky/T_Sky_Stars.uasset" 635
"../../../Engine/Content/EngineSky/T_Sky_Clouds_M.uasset" 636
"../../../Engine/Content/EngineSky/T_Sky_Blue.uasset" 637
"F:/Git/Call-Of-Gruty/Content/Materiales/Grass.uasset" 638
"../../../Engine/Content/EngineSky/M_Sky_Panning_Clouds2.uasset" 639
"F:/Git/Call-Of-Gruty/Content/Anim/Idel/idle.uasset" 640
"../../../Engine/Content/EngineSky/SM_SkySphere.uasset" 641
"../../../Engine/Content/EngineSky/C_Sky_Zenith_Color.uasset" 642
"../../../Engine/Content/EngineSky/C_Sky_Horizon_Color.uasset" 643
"../../../Engine/Content/EngineSky/C_Sky_Cloud_Color.uasset" 644
"../../../Engine/Content/EditorBlueprintResources/StandardMacros.uasset" 645
"../../../Engine/Content/EngineSky/BP_Sky_Sphere.uasset" 646
"../../../Engine/Content/Functions/Engine_MaterialFunctions01/Gradient/RadialGradient.uasset" 647
"F:/Git/Call-Of-Gruty/Content/StarterContent/Particles/Materials/M_Radial_Gradient.uasset" 648
"F:/Git/Call-Of-Gruty/Content/StarterContent/Textures/T_Water_N.uasset" 649
"F:/Git/Call-Of-Gruty/Content/StarterContent/Particles/Materials/M_Heat_Distortion.uasset" 650
"F:/Git/Call-Of-Gruty/Content/StarterContent/Textures/T_Fire_Tiled_D.uasset" 651
"F:/Git/Call-Of-Gruty/Content/StarterContent/Textures/T_Fire_SubUV.uasset" 652
"F:/Git/Call-Of-Gruty/Content/StarterContent/Particles/Materials/M_Fire_SubUV.uasset" 653
"F:/Git/Call-Of-Gruty/Content/StarterContent/Particles/P_Fire.uasset" 654
"F:/Git/Call-Of-Gruty/Content/PN_interactiveSpruceForest/Textures/Imposter/full_02_imposter_O.uasset" 655
"F:/Git/Call-Of-Gruty/Content/PN_interactiveSpruceForest/Textures/Imposter/full_02_imposter_N.uasset" 656
"F:/Git/Call-Of-Gruty/Content/PN_interactiveSpruceForest/Textures/Imposter/full_02_imposter_A_unlit.uasset" 657
"F:/Git/Call-Of-Gruty/Content/PN_interactiveSpruceForest/Materials/MaterialInstances/imposter/low/full_02_imposter.uasset" 658
"F:/Git/Call-Of-Gruty/Content/PN_interactiveSpruceForest/Textures/PivotPainterTextures/full/low/spruce_full_02_low_VEC.uasset" 659
"F:/Git/Call-Of-Gruty/Content/PN_interactiveSpruceForest/Textures/PivotPainterTextures/full/low/spruce_full_02_low_PIV.uasset" 660
"F:/Git/Call-Of-Gruty/Content/PN_interactiveSpruceForest/Materials/MaterialInstances/full/low/spruce_full_02_low_MA.uasset" 661
"F:/Git/Call-Of-Gruty/Content/PN_interactiveSpruceForest/Materials/MaterialInstances/full/low/spruce_full_02_low_trunk.uasset" 662
"F:/Git/Call-Of-Gruty/Content/PN_interactiveSpruceForest/Materials/MaterialInstances/full/low/spruce_full_02_low_leaf.uasset" 663
"F:/Git/Call-Of-Gruty/Content/PN_interactiveSpruceForest/Materials/MaterialInstances/full/low/spruce_full_02_low_branch.uasset" 664
"F:/Git/Call-Of-Gruty/Content/PN_interactiveSpruceForest/Meshes/full/low/spruce_full_02_low.uasset" 665
"F:/Git/Call-Of-Gruty/Content/PN_interactiveSpruceForest/Materials/MaterialInstances/imposter/high/full_02_imposter.uasset" 666
"F:/Git/Call-Of-Gruty/Content/PN_interactiveSpruceForest/Textures/PivotPainterTextures/full/high/spruce_full_02_VEC.uasset" 667
"F:/Git/Call-Of-Gruty/Content/PN_interactiveSpruceForest/Textures/PivotPainterTextures/full/high/spruce_full_02_PIV.uasset" 668
"F:/Git/Call-Of-Gruty/Content/PN_interactiveSpruceForest/Materials/MaterialInstances/full/high/spruce_full_02_MA.uasset" 669
"F:/Git/Call-Of-Gruty/Content/PN_interactiveSpruceForest/Materials/MaterialInstances/full/high/spruce_full_02_trunk.uasset" 670
"F:/Git/Call-Of-Gruty/Content/PN_interactiveSpruceForest/Materials/MaterialInstances/full/high/spruce_full_02_leaf.uasset" 671
"F:/Git/Call-Of-Gruty/Content/PN_interactiveSpruceForest/Materials/MaterialInstances/full/high/spruce_full_02_branch.uasset" 672
"F:/Git/Call-Of-Gruty/Content/PN_interactiveSpruceForest/Meshes/full/high/spruce_full_02.uasset" 673
"F:/Git/Call-Of-Gruty/Content/PN_interactiveSpruceForest/Textures/Imposter/full_01_imposter_O.uasset" 674
"F:/Git/Call-Of-Gruty/Content/PN_interactiveSpruceForest/Textures/Imposter/full_01_imposter_N.uasset" 675
"F:/Git/Call-Of-Gruty/Content/PN_interactiveSpruceForest/Textures/Imposter/full_01_imposter_A_unlit.uasset" 676
"F:/Git/Call-Of-Gruty/Content/PN_interactiveSpruceForest/Materials/MaterialInstances/imposter/high/full_01_imposter.uasset" 677
"F:/Git/Call-Of-Gruty/Content/PN_interactiveSpruceForest/Textures/PivotPainterTextures/full/high/spruce_full_01_VEC.uasset" 678
"F:/Git/Call-Of-Gruty/Content/PN_interactiveSpruceForest/Textures/PivotPainterTextures/full/high/spruce_full_01_PIV.uasset" 679
"F:/Git/Call-Of-Gruty/Content/PN_interactiveSpruceForest/Materials/MaterialInstances/full/high/spruce_full_01_MA.uasset" 680
"F:/Git/Call-Of-Gruty/Content/PN_interactiveSpruceForest/Materials/MaterialInstances/full/high/spruce_full_01_trunk.uasset" 681
"F:/Git/Call-Of-Gruty/Content/PN_interactiveSpruceForest/Materials/MaterialInstances/full/high/spruce_full_01_leaf.uasset" 682
"F:/Git/Call-Of-Gruty/Content/PN_interactiveSpruceForest/Materials/MaterialInstances/full/high/spruce_full_01_branch.uasset" 683
"F:/Git/Call-Of-Gruty/Content/PN_interactiveSpruceForest/Meshes/full/high/spruce_full_01.uasset" 684
"F:/Git/Call-Of-Gruty/Content/Maps/Lobby_BuiltData.uasset" 685
"F:/Git/Call-Of-Gruty/Content/Maps/player.uasset" 686
"F:/Git/Call-Of-Gruty/Content/Maps/LobbyGamemode.uasset" 687
"F:/Git/Call-Of-Gruty/Content/Mapa_ofici/SubWorld_sharedassets/Roquita_LayerInfo.uasset" 688
"F:/Git/Call-Of-Gruty/Content/Mapa_ofici/SubWorld_sharedassets/Pastito_LayerInfo.uasset" 689
"F:/Git/Call-Of-Gruty/Content/Mapa_ofici/SubWorld_sharedassets/Nieveee_LayerInfo.uasset" 690
"F:/Git/Call-Of-Gruty/Content/FPS_Weapon_Bundle/Weapons/Textures/KA47/T_KA47_NRM.uasset" 691
"F:/Git/Call-Of-Gruty/Content/FPS_Weapon_Bundle/Weapons/Textures/KA47/T_KA47_M_MSK.uasset" 692
"F:/Git/Call-Of-Gruty/Content/FPS_Weapon_Bundle/Weapons/Textures/KA47/T_KA47_ALB.uasset" 693
"F:/Git/Call-Of-Gruty/Content/FPS_Weapon_Bundle/Weapons/Materials/Ka47/M_KA47.uasset" 694
"F:/Git/Call-Of-Gruty/Content/FPS_Weapon_Bundle/Weapons/Meshes/Ka47/SM_KA47.uasset" 695
"F:/Git/Call-Of-Gruty/Content/FPS_Weapon_Bundle/Weapons/Meshes/Ka47/AK7.uasset" 696
"F:/Git/Call-Of-Gruty/Content/Maps/Portada_1.uasset" 697
"F:/Git/Call-Of-Gruty/Content/Maps/F3.uasset" 698
"F:/Git/Call-Of-Gruty/Content/FPS_Weapon_Bundle/Weapons/Textures/KA47/T_KA47_Gold_M_MSK.uasset" 699
"F:/Git/Call-Of-Gruty/Content/FPS_Weapon_Bundle/Weapons/Textures/KA47/T_KA47_Gold_ALB.uasset" 700
"F:/Git/Call-Of-Gruty/Content/FPS_Weapon_Bundle/Weapons/Materials/Ka47/M_KA47_Gold.uasset" 701
"F:/Git/Call-Of-Gruty/Content/Maps/F4.uasset" 702
"F:/Git/Call-Of-Gruty/Content/Maps/F2.uasset" 703
"F:/Git/Call-Of-Gruty/Content/Maps/F1.uasset" 704
"F:/Git/Call-Of-Gruty/Content/Maps/Lobby.umap" 705
