"F:/Git/Call-Of-Gruty/Content/Anim/Wii_-_Despicable_Me_The_Game_-_Gru__1__Skeleton.uasset" 0
"../../../Engine/Content/Animation/DefaultAnimCurveCompressionSettings.uasset" 1
"../../../Engine/Content/Animation/DefaultAnimBoneCompressionSettings.uasset" 2
"F:/Git/Call-Of-Gruty/Content/Anim/NIdel/idle.uasset" 3
"F:/Git/Call-Of-Gruty/Content/Anim/Running_Anim.uasset" 4
"F:/Git/Call-Of-Gruty/Content/Anim/NewBlendSpace.uasset" 5
"F:/Git/Call-Of-Gruty/Content/Anim/Blueprint_Anim_Gru.uasset" 6
"F:/Git/Call-Of-Gruty/Content/Anim/Textures/low_skin_gru.uasset" 7
"F:/Git/Call-Of-Gruty/Content/Anim/Textures/tex1_256x256_m_0a2d8c860cc24e5a_14.uasset" 8
"F:/Git/Call-Of-Gruty/Content/Anim/Textures/gru_bodymat.uasset" 9
"F:/Git/Call-Of-Gruty/Content/Anim/Textures/low_face_gru.uasset" 10
"F:/Git/Call-Of-Gruty/Content/Anim/Textures/tex1_256x256_m_18ddd8384c4d5a5e_14.uasset" 11
"F:/Git/Call-Of-Gruty/Content/Anim/Textures/gru_facemat.uasset" 12
"F:/Git/Call-Of-Gruty/Content/Anim/Wii_-_Despicable_Me_The_Game_-_Gru__1__PhysicsAsset.uasset" 13
"F:/Git/Call-Of-Gruty/Content/Anim/Wii_-_Despicable_Me_The_Game_-_Gru__1_.uasset" 14
"F:/Git/Call-Of-Gruty/Content/Maps/F2_INGAME.uasset" 15
"F:/Git/Call-Of-Gruty/Content/white8.uasset" 16
"F:/Git/Call-Of-Gruty/Content/sTOP.uasset" 17
"F:/Git/Call-Of-Gruty/Content/FPS_Weapon_Bundle/Weapons/Textures/Patterns/T_Stripes__Pattern.uasset" 18
"F:/Git/Call-Of-Gruty/Content/FPS_Weapon_Bundle/Weapons/Textures/KA74U/T_KA74U_NRM.uasset" 19
"F:/Git/Call-Of-Gruty/Content/FPS_Weapon_Bundle/Weapons/Textures/KA74U/T_KA74U_M_MSK.uasset" 20
"F:/Git/Call-Of-Gruty/Content/FPS_Weapon_Bundle/Weapons/Textures/KA74U/T_KA74U_ALB.uasset" 21
"F:/Git/Call-Of-Gruty/Content/FPS_Weapon_Bundle/Weapons/Textures/KA47/T_KA47_NRM.uasset" 22
"F:/Git/Call-Of-Gruty/Content/FPS_Weapon_Bundle/Weapons/Textures/KA47/T_KA47_M_MSK.uasset" 23
"F:/Git/Call-Of-Gruty/Content/FPS_Weapon_Bundle/Weapons/Textures/KA47/T_KA47_ALB.uasset" 24
"F:/Git/Call-Of-Gruty/Content/FPS_Weapon_Bundle/Weapons/Materials/Master_Material/M_Weapon_Master_USE.uasset" 25
"F:/Git/Call-Of-Gruty/Content/FPS_Weapon_Bundle/Weapons/Materials/Ka47/M_KA47.uasset" 26
"F:/Git/Call-Of-Gruty/Content/FPS_Weapon_Bundle/Weapons/Textures/Ammunition/T_762x39_NRM.uasset" 27
"F:/Git/Call-Of-Gruty/Content/FPS_Weapon_Bundle/Weapons/Textures/Ammunition/T_762x39_M_MSK.uasset" 28
"F:/Git/Call-Of-Gruty/Content/FPS_Weapon_Bundle/Weapons/Textures/Ammunition/T_762x39_ALB.uasset" 29
"F:/Git/Call-Of-Gruty/Content/FPS_Weapon_Bundle/Weapons/Materials/Ammunition/M_762x39_Empty.uasset" 30
"F:/Git/Call-Of-Gruty/Content/FPS_Weapon_Bundle/Weapons/Meshes/Ka47/SM_KA47.uasset" 31
"F:/Git/Call-Of-Gruty/Content/FPS_Weapon_Bundle/Weapons/Meshes/Ka47/AK7.uasset" 32
"F:/Git/Call-Of-Gruty/Content/3d/3d/T_WoodWall_Plank_AO.uasset" 33
"F:/Git/Call-Of-Gruty/Content/3d/3d/T_WoodWall_Screw_Color.uasset" 34
"F:/Git/Call-Of-Gruty/Content/3d/3d/T_WoodWall_Screw_Normal.uasset" 35
"F:/Git/Call-Of-Gruty/Content/3d/3d/Back.uasset" 36
"F:/Git/Call-Of-Gruty/Content/3d/3d/T_WoodWall_Logs_Color.uasset" 37
"F:/Git/Call-Of-Gruty/Content/3d/3d/T_WoodWall_Log_AO.uasset" 38
"F:/Git/Call-Of-Gruty/Content/3d/3d/T_WoodWall_Log_Normal.uasset" 39
"F:/Git/Call-Of-Gruty/Content/3d/3d/Walls.uasset" 40
"F:/Git/Call-Of-Gruty/Content/3d/MEsh.uasset" 41
"F:/Git/Call-Of-Gruty/Content/3d/Transulent.uasset" 42
"F:/Git/Call-Of-Gruty/Content/3d/SK_WoodWall_PhysicsAsset.uasset" 43
"F:/Git/Call-Of-Gruty/Content/3d/SK_WoodWall_Skeleton.uasset" 44
"F:/Git/Call-Of-Gruty/Content/3d/SK_WoodWall.uasset" 45
"F:/Git/Call-Of-Gruty/Content/3d/Wall.uasset" 46
"F:/Git/Call-Of-Gruty/Content/FPS_Weapon_Bundle/Weapons/Textures/AR4/T_AR4_NRM.uasset" 47
"F:/Git/Call-Of-Gruty/Content/FPS_Weapon_Bundle/Weapons/Textures/AR4/T_AR4_M_MSK.uasset" 48
"F:/Git/Call-Of-Gruty/Content/FPS_Weapon_Bundle/Weapons/Textures/AR4/T_AR4_ALB.uasset" 49
"F:/Git/Call-Of-Gruty/Content/FPS_Weapon_Bundle/Weapons/Materials/AR4/M_AR4.uasset" 50
"F:/Git/Call-Of-Gruty/Content/FPS_Weapon_Bundle/Weapons/Meshes/AR4/SM_AR4.uasset" 51
"F:/Git/Call-Of-Gruty/Content/FPS_Weapon_Bundle/Weapons/Textures/KA_Val/T_KA_Val_Black_ALB.uasset" 52
"F:/Git/Call-Of-Gruty/Content/FPS_Weapon_Bundle/Weapons/Textures/KA_Val/T_KA_Val_NRM.uasset" 53
"F:/Git/Call-Of-Gruty/Content/FPS_Weapon_Bundle/Weapons/Textures/KA_Val/T_KA_Val_M_MSK.uasset" 54
"F:/Git/Call-Of-Gruty/Content/FPS_Weapon_Bundle/Weapons/Textures/KA_Val/T_KA_Val_ALB.uasset" 55
"F:/Git/Call-Of-Gruty/Content/FPS_Weapon_Bundle/Weapons/Materials/KA_Val/M_KA_Val.uasset" 56
"F:/Git/Call-Of-Gruty/Content/FPS_Weapon_Bundle/Weapons/Materials/KA_Val/M_KA_Val_Black.uasset" 57
"F:/Git/Call-Of-Gruty/Content/StarterContent/Textures/T_MacroVariation.uasset" 58
"F:/Git/Call-Of-Gruty/Content/StarterContent/Textures/T_Metal_Gold_D.uasset" 59
"F:/Git/Call-Of-Gruty/Content/StarterContent/Textures/T_Metal_Gold_N.uasset" 60
"F:/Git/Call-Of-Gruty/Content/StarterContent/Materials/M_Metal_Gold.uasset" 61
"../../../Engine/Content/Functions/Engine_MaterialFunctions01/Opacity/CameraDepthFade.uasset" 62
"../../../Engine/Content/EngineMaterials/T_Default_Material_Grid_N.uasset" 63
"../../../Engine/Content/EngineMaterials/T_Default_Material_Grid_M.uasset" 64
"../../../Engine/Content/EngineMaterials/WorldGridMaterial.uasset" 65
"F:/Git/Call-Of-Gruty/Content/Bala/projektil_FBX.uasset" 66
"F:/Git/Call-Of-Gruty/Content/FirstPersonBP/Blueprints/FirstPersonBullet.uasset" 67
"F:/Git/Call-Of-Gruty/Content/FirstPersonBP/Blueprints/FirstPerson_Enemy.uasset" 68
"../../../Engine/Content/EditorBlueprintResources/StandardMacros.uasset" 69
"../../../Engine/Content/EditorBlueprintResources/ActorMacros.uasset" 70
"F:/Git/Call-Of-Gruty/Content/Mannequin/Character/Mesh/SK_Mannequin_Female_PhysicsAsset.uasset" 71
"F:/Git/Call-Of-Gruty/Content/Mannequin/Character/Textures/T_UE4Logo_N.uasset" 72
"F:/Git/Call-Of-Gruty/Content/Mannequin/Character/Textures/T_UE4Logo_Mask.uasset" 73
"F:/Git/Call-Of-Gruty/Content/Mannequin/Character/Textures/T_Male_N.uasset" 74
"F:/Git/Call-Of-Gruty/Content/Mannequin/Character/Textures/T_Male_Mask.uasset" 75
"F:/Git/Call-Of-Gruty/Content/Mannequin/Character/Materials/MaterialLayers/T_ML_Rubber_Blue_01_N.uasset" 76
"F:/Git/Call-Of-Gruty/Content/Mannequin/Character/Materials/MaterialLayers/T_ML_Rubber_Blue_01_D.uasset" 77
"F:/Git/Call-Of-Gruty/Content/Mannequin/Character/Materials/MaterialLayers/T_ML_Aluminum01_N.uasset" 78
"F:/Git/Call-Of-Gruty/Content/Mannequin/Character/Materials/MaterialLayers/T_ML_Aluminum01.uasset" 79
"F:/Git/Call-Of-Gruty/Content/Mannequin/Character/Materials/MaterialLayers/ML_SoftMetal_UE4.uasset" 80
"F:/Git/Call-Of-Gruty/Content/Mannequin/Character/Materials/MaterialLayers/ML_Plastic_Shiny_Beige_LOGO.uasset" 81
"F:/Git/Call-Of-Gruty/Content/Mannequin/Character/Materials/MaterialLayers/ML_Plastic_Shiny_Beige.uasset" 82
"F:/Git/Call-Of-Gruty/Content/Mannequin/Character/Materials/MaterialLayers/ML_GlossyBlack_Latex_UE4.uasset" 83
"../../../Engine/Content/Functions/MaterialLayerFunctions/MatLayerBlend_Simple.uasset" 84
"../../../Engine/Content/Functions/Engine_MaterialFunctions02/Utility/BlendAngleCorrectedNormals.uasset" 85
"../../../Engine/Content/Functions/MaterialLayerFunctions/MatLayerBlend_NormalBlend.uasset" 86
"F:/Git/Call-Of-Gruty/Content/Mannequin/Character/Materials/M_Male_Body.uasset" 87
"F:/Git/Call-Of-Gruty/Content/Mannequin/Character/Materials/M_UE4Man_ChestLogo.uasset" 88
"F:/Git/Call-Of-Gruty/Content/Mannequin/Character/Textures/T_Female_N.uasset" 89
"F:/Git/Call-Of-Gruty/Content/Mannequin/Character/Textures/T_Female_Mask.uasset" 90
"F:/Git/Call-Of-Gruty/Content/Mannequin/Character/Materials/MI_Female_Body.uasset" 91
"F:/Git/Call-Of-Gruty/Content/Mannequin/Character/Mesh/UE4_Mannequin_Skeleton.uasset" 92
"F:/Git/Call-Of-Gruty/Content/Mannequin/Character/Mesh/SK_Mannequin_Female.uasset" 93
"F:/Git/Call-Of-Gruty/Content/Mannequin/Animations/ThirdPersonWalk.uasset" 94
"F:/Git/Call-Of-Gruty/Content/Mannequin/Animations/ThirdPersonRun.uasset" 95
"F:/Git/Call-Of-Gruty/Content/Mannequin/Animations/ThirdPersonIdle.uasset" 96
"F:/Git/Call-Of-Gruty/Content/Mannequin/Animations/ThirdPerson_IdleRun_2D.uasset" 97
"F:/Git/Call-Of-Gruty/Content/Mannequin/Animations/ThirdPerson_Jump.uasset" 98
"F:/Git/Call-Of-Gruty/Content/Mannequin/Animations/ThirdPersonJump_Start.uasset" 99
"F:/Git/Call-Of-Gruty/Content/Mannequin/Animations/ThirdPersonJump_Loop.uasset" 100
"F:/Git/Call-Of-Gruty/Content/Mannequin/Animations/ThirdPerson_AnimBP.uasset" 101
"F:/Git/Call-Of-Gruty/Content/FPS_Weapon_Bundle/Weapons/Meshes/M9_Knife/SK_M9_Knife_Skeleton.uasset" 102
"F:/Git/Call-Of-Gruty/Content/FPS_Weapon_Bundle/Weapons/Meshes/M9_Knife/SK_M9_Knife_Physics.uasset" 103
"F:/Git/Call-Of-Gruty/Content/FPS_Weapon_Bundle/Weapons/Textures/M9_Knife/T_M9_ALB.uasset" 104
"F:/Git/Call-Of-Gruty/Content/FPS_Weapon_Bundle/Weapons/Textures/M9_Knife/T_M9_NRM.uasset" 105
"F:/Git/Call-Of-Gruty/Content/FPS_Weapon_Bundle/Weapons/Textures/M9_Knife/T_M9_M_MSK.uasset" 106
"F:/Git/Call-Of-Gruty/Content/FPS_Weapon_Bundle/Weapons/Materials/M9_Knife/M_M9_Knife.uasset" 107
"F:/Git/Call-Of-Gruty/Content/FPS_Weapon_Bundle/Weapons/Meshes/M9_Knife/SK_M9_Knife.uasset" 108
"F:/Git/Call-Of-Gruty/Content/TesterMap/Enemy.uasset" 109
"F:/Git/Call-Of-Gruty/Content/FirstPerson/Audio/FirstPersonTemplateWeaponFire02.uasset" 110
"F:/Git/Call-Of-Gruty/Content/FirstPerson/Character/Mesh/SK_Mannequin_Arms_Skeleton.uasset" 111
"F:/Git/Call-Of-Gruty/Content/FirstPerson/Animations/FirstPerson_Fire.uasset" 112
"F:/Git/Call-Of-Gruty/Content/FirstPerson/Animations/FirstPersonFire_Montage.uasset" 113
"F:/Git/Call-Of-Gruty/Content/AnimStarterPack/Ue4ASP_Character.uasset" 114
"F:/Git/Call-Of-Gruty/Content/FirstPerson/Textures/FirstPersonCrosshair.uasset" 115
"F:/Git/Call-Of-Gruty/Content/FirstPersonBP/Blueprints/FirstPersonHUD.uasset" 116
"F:/Git/Call-Of-Gruty/Content/FirstPersonBP/Blueprints/FirstPersonGameMode.uasset" 117
"../../../Engine/Content/ArtTools/RenderToTexture/Meshes/S_1_Unit_Plane.uasset" 118
"../../../Engine/Content/EngineMaterials/DefaultMaterial.uasset" 119
"../../../Engine/Content/BasicShapes/Cone.uasset" 120
"../../../Engine/Content/BasicShapes/Plane.uasset" 121
"../../../Engine/Content/BasicShapes/Sphere.uasset" 122
"../../../Engine/Content/EditorLandscapeResources/DataLayer.uasset" 123
"../../../Engine/Content/EditorLandscapeResources/DefaultAlphaTexture.uasset" 124
"../../../Engine/Content/EditorMaterials/MAT_Groups_Toggle.uasset" 125
"../../../Engine/Content/EditorMaterials/MAT_Groups_Visibility.uasset" 126
"../../../Engine/Content/EditorMaterials/PreviewShadowIndicator.uasset" 127
"../../../Engine/Content/EditorMaterials/PreviewShadowIndicatorMaterial.uasset" 128
"../../../Engine/Content/EditorMaterials/MatineeGroups/MAT_ColorTrack.uasset" 129
"../../../Engine/Content/EditorMaterials/MatineeGroups/MAT_Groups_Anim.uasset" 130
"../../../Engine/Content/EditorMaterials/MatineeGroups/MAT_Groups_AudioMaster.uasset" 131
"../../../Engine/Content/EditorMaterials/MatineeGroups/MAT_Groups_Director.uasset" 132
"../../../Engine/Content/EditorMaterials/MatineeGroups/MAT_Groups_Event.uasset" 133
"../../../Engine/Content/EditorMaterials/MatineeGroups/MAT_Groups_Fade.uasset" 134
"../../../Engine/Content/EditorMaterials/MatineeGroups/MAT_Groups_Float.uasset" 135
"../../../Engine/Content/EditorMaterials/MatineeGroups/MAT_Groups_Move.uasset" 136
"../../../Engine/Content/EditorMaterials/MatineeGroups/MAT_Groups_Slomo.uasset" 137
"../../../Engine/Content/EditorMaterials/MatineeGroups/MAT_Groups_Sound.uasset" 138
"../../../Engine/Content/EditorMaterials/MatineeGroups/MAT_Groups_Vector.uasset" 139
"../../../Engine/Content/EditorMaterials/ParticleSystems/PSysThumbnail_NoImage.uasset" 140
"../../../Engine/Content/EditorMaterials/ParticleSystems/PSysThumbnail_OOD.uasset" 141
"../../../Engine/Content/EditorMaterials/Camera/CineMat.uasset" 142
"../../../Engine/Content/EditorMaterials/Camera/MI_CineMat_Rig.uasset" 143
"../../../Engine/Content/EditorMeshes/Camera/SM_CraneRig_Arm.uasset" 144
"../../../Engine/Content/EditorMeshes/Camera/SM_CraneRig_Base.uasset" 145
"../../../Engine/Content/EditorMeshes/Camera/SM_CraneRig_Body.uasset" 146
"../../../Engine/Content/EditorMeshes/Camera/SM_CraneRig_Mount.uasset" 147
"../../../Engine/Content/EditorMeshes/Camera/SM_RailRig_Mount.uasset" 148
"../../../Engine/Content/EditorMeshes/Camera/SM_RailRig_Track.uasset" 149
"../../../Engine/Content/EditorResources/BSPVertex.uasset" 150
"../../../Engine/Content/EditorResources/EmptyActor.uasset" 151
"../../../Engine/Content/EditorResources/S_Actor.uasset" 152
"../../../Engine/Content/EditorResources/S_Note.uasset" 153
"../../../Engine/Content/EditorResources/S_Solver.uasset" 154
"../../../Engine/Content/EditorResources/S_Terrain.uasset" 155
"../../../Engine/Content/EditorResources/S_Trigger.uasset" 156
"../../../Engine/Content/EditorResources/LightIcons/S_LightError.uasset" 157
"../../../Engine/Content/EditorResources/SequenceRecorder/Countdown.uasset" 158
"../../../Engine/Content/EditorResources/SequenceRecorder/RecordingIndicator.uasset" 159
"../../../Engine/Content/EngineDamageTypes/DmgTypeBP_Environmental.uasset" 160
"../../../Engine/Content/EngineDebugMaterials/DebugEditorMaterial.uasset" 161
"../../../Engine/Content/EngineDebugMaterials/DebugMeshMaterial.uasset" 162
"../../../Engine/Content/EngineDebugMaterials/M_SimpleUnlitTranslucent.uasset" 163
"../../../Engine/Content/EngineDebugMaterials/VolumeToRender.uasset" 164
"../../../Engine/Content/Functions/Engine_MaterialFunctions02/Utility/CameraDirectionVector.uasset" 165
"../../../Engine/Content/EngineDebugMaterials/M_VolumeRenderSphereTracePP.uasset" 166
"../../../Engine/Content/Functions/Engine_MaterialFunctions01/Shading/ConvertFromDiffSpec.uasset" 167
"../../../Engine/Content/EngineDebugMaterials/VertexColorMaterial.uasset" 168
"../../../Engine/Content/EngineDebugMaterials/WireframeMaterial.uasset" 169
"../../../Engine/Content/EngineFonts/Faces/RobotoRegular.uasset" 170
"../../../Engine/Content/EngineFonts/Faces/RobotoLight.uasset" 171
"../../../Engine/Content/EngineFonts/Faces/RobotoItalic.uasset" 172
"../../../Engine/Content/EngineFonts/Faces/RobotoBoldItalic.uasset" 173
"../../../Engine/Content/EngineFonts/Faces/RobotoBold.uasset" 174
"../../../Engine/Content/EngineFonts/Faces/DroidSansFallback.uasset" 175
"../../../Engine/Content/EngineFonts/Roboto.uasset" 176
"../../../Engine/Content/EngineMaterials/BaseFlattenNormalMap.uasset" 177
"../../../Engine/Content/EngineMaterials/BaseFlattenGrayscaleMap.uasset" 178
"../../../Engine/Content/EngineMaterials/BaseFlattenEmissiveMap.uasset" 179
"../../../Engine/Content/EngineMaterials/BaseFlattenDiffuseMap.uasset" 180
"../../../Engine/Content/EngineMaterials/BaseFlattenMaterial.uasset" 181
"../../../Engine/Content/EngineMaterials/BlueNoise.uasset" 182
"../../../Engine/Content/EngineMaterials/DefaultBloomKernel.uasset" 183
"../../../Engine/Content/EngineMaterials/DefaultBokeh.uasset" 184
"../../../Engine/Content/EngineMaterials/DefaultDiffuse.uasset" 185
"../../../Engine/Content/EngineMaterials/DefaultDeferredDecalMaterial.uasset" 186
"../../../Engine/Content/EngineMaterials/DefaultLightFunctionMaterial.uasset" 187
"../../../Engine/Content/Functions/Engine_MaterialFunctions02/Utility/BreakOutFloat2Components.uasset" 188
"../../../Engine/Content/EngineMaterials/DefaultPostProcessMaterial.uasset" 189
"../../../Engine/Content/EngineFonts/RobotoDistanceField.uasset" 190
"../../../Engine/Content/EngineMaterials/DefaultTextMaterialOpaque.uasset" 191
"../../../Engine/Content/EngineMaterials/DefaultWhiteGrid.uasset" 192
"../../../Engine/Content/EngineMaterials/DefaultWhiteGrid_Low.uasset" 193
"../../../Engine/Content/EngineMaterials/EmissiveMeshMaterial.uasset" 194
"../../../Engine/Content/EngineMaterials/GizmoMaterial.uasset" 195
"../../../Engine/Content/EngineMaterials/MiniFont.uasset" 196
"../../../Engine/Content/EngineMaterials/InvalidLightmapSettings.uasset" 197
"../../../Engine/Content/EngineMaterials/M_InvalidLightmapSettings.uasset" 198
"../../../Engine/Content/Functions/Engine_MaterialFunctions02/WorldPositionOffset/CameraOffset.uasset" 199
"../../../Engine/Content/EngineMaterials/PhAT_JointLimitMaterial.uasset" 200
"../../../Engine/Content/EngineMaterials/PreintegratedSkinBRDF.uasset" 201
"../../../Engine/Content/EngineMaterials/RemoveSurfaceMaterial.uasset" 202
"../../../Engine/Content/EngineResources/WhiteSquareTexture.uasset" 203
"../../../Engine/Content/EngineMaterials/Widget3DPassThrough.uasset" 204
"../../../Engine/Content/EngineMaterials/Widget3DPassThrough_Masked.uasset" 205
"../../../Engine/Content/EngineMaterials/Widget3DPassThrough_Opaque.uasset" 206
"../../../Engine/Content/EngineMaterials/Widget3DPassThrough_Masked_OneSided.uasset" 207
"../../../Engine/Content/EngineMaterials/Widget3DPassThrough_Opaque_OneSided.uasset" 208
"../../../Engine/Content/EngineMaterials/Widget3DPassThrough_Translucent.uasset" 209
"../../../Engine/Content/EngineMaterials/Widget3DPassThrough_Translucent_OneSided.uasset" 210
"../../../Engine/Content/EngineMeshes/Cube.uasset" 211
"../../../Engine/Content/EngineMeshes/Cylinder.uasset" 212
"../../../Engine/Content/EngineMeshes/Sphere.uasset" 213
"../../../Engine/Content/EngineResources/DefaultTextureCube.uasset" 214
"../../../Engine/Content/EngineResources/DefaultVolumeTexture2D.uasset" 215
"../../../Engine/Content/EngineResources/DefaultVolumeTexture.uasset" 216
"../../../Engine/Content/EngineResources/GradientTexture0.uasset" 217
"../../../Engine/Content/EngineSky/VolumetricClouds/T_NoiseShape64.uasset" 218
"../../../Engine/Content/EngineSky/VolumetricClouds/T_VolumeNoiseShape64.uasset" 219
"../../../Engine/Content/EngineSky/VolumetricClouds/T_NoiseErosion.uasset" 220
"../../../Engine/Content/EngineSky/VolumetricClouds/T_VolumeNoiseErosion32.uasset" 221
"../../../Engine/Content/EngineSky/VolumetricClouds/CloudWeatherTexture.uasset" 222
"../../../Engine/Content/EngineSky/VolumetricClouds/CloudGradientTexture.uasset" 223
"../../../Engine/Content/Functions/Engine_MaterialFunctions02/Utility/MakeFloat2.uasset" 224
"../../../Engine/Content/EngineSky/VolumetricClouds/m_SimpleVolumetricCloud.uasset" 225
"../../../Engine/Content/EngineSky/VolumetricClouds/m_SimpleVolumetricCloud_Inst.uasset" 226
"../../../Engine/Content/EngineSounds/Master.uasset" 227
"../../../Engine/Content/Functions/Engine_MaterialFunctions01/Shading/PowerToRoughness.uasset" 228
"../../../Engine/Content/Maps/Templates/Thumbnails/Default.uasset" 229
"../../../Engine/Content/Maps/Templates/Thumbnails/TimeOfDay.uasset" 230
"../../../Engine/Content/Maps/Templates/Thumbnails/VR-Basic.uasset" 231
"../../../Engine/Content/MobileResources/T_MobileControls_texture.uasset" 232
"../../../Engine/Content/MobileResources/T_MobileMenu2.uasset" 233
"../../../Engine/Content/MobileResources/HUD/AnalogHat.uasset" 234
"../../../Engine/Content/MobileResources/HUD/VirtualJoystick_Thumb.uasset" 235
"../../../Engine/Content/MobileResources/HUD/VirtualJoystick_Background.uasset" 236
"../../../Engine/Content/MobileResources/HUD/DefaultVirtualJoysticks.uasset" 237
"../../../Engine/Content/MobileResources/HUD/LeftVirtualJoystickOnly.uasset" 238
"../../../Engine/Content/MobileResources/HUD/MobileHUDButton1_off.uasset" 239
"../../../Engine/Content/MobileResources/HUD/MobileHUDButton1_on.uasset" 240
"../../../Engine/Content/MobileResources/HUD/MobileHUDButton2_off.uasset" 241
"../../../Engine/Content/MobileResources/HUD/MobileHUDButton2_on.uasset" 242
"../../../Engine/Content/MobileResources/HUD/MobileHUDButton3.uasset" 243
"../../../Engine/Content/MobileResources/HUD/MobileHUDButtonFire.uasset" 244
"../../../Engine/Content/MobileResources/HUD/MobileHUDDirectionPad.uasset" 245
"../../../Engine/Content/MobileResources/HUD/MobileHUDDirectionPad2.uasset" 246
"../../../Engine/Content/MobileResources/HUD/MobileHUDDirectionPad3.uasset" 247
"../../../Engine/Content/MobileResources/HUD/MobileHUDDirectionStick.uasset" 248
"../../../Engine/Content/MobileResources/HUD/T_Castle_ThumbstickInner.uasset" 249
"../../../Engine/Content/MobileResources/HUD/T_Castle_ThumbstickOutter.uasset" 250
"../../../Engine/Content/Tutorial/ContentIntroCurve.uasset" 251
"../../../Engine/Content/Tutorial/Basics/LevelEditorAttract.uasset" 252
"../../../Engine/Content/Tutorial/SubEditors/StaticMeshEditorTutorial.uasset" 253
"../../../Engine/Content/VREditor/TransformGizmo/TranslucentTransformGizmoMaterial.uasset" 254
"../../../Engine/Content/VREditor/LaserPointer/VR_LaserPower_01.uasset" 255
"../../../Engine/Content/VREditor/TransformGizmo/TransformGizmoMaterial.uasset" 256
"../../../Engine/Content/VREditor/TransformGizmo/BoundingBoxCorner.uasset" 257
"../../../Engine/Content/VREditor/TransformGizmo/BoundingBoxEdge.uasset" 258
"../../../Engine/Content/VREditor/TransformGizmo/PlaneTranslationHandle.uasset" 259
"../../../Engine/Content/VREditor/TransformGizmo/Xray.uasset" 260
"../../../Engine/Content/VREditor/TransformGizmo/Main.uasset" 261
"../../../Engine/Content/VREditor/TransformGizmo/SM_Sequencer_Key.uasset" 262
"../../../Engine/Content/VREditor/TransformGizmo/SM_Sequencer_Node.uasset" 263
"../../Plugins/2D/Paper2D/Content/PlaceholderTextures/DummySpriteTexture.uasset" 264
"../../Plugins/2D/Paper2D/Content/DummySprite.uasset" 265
"../../Plugins/2D/Paper2D/Content/DefaultPaperTerrainMaterial.uasset" 266
"../../Plugins/2D/Paper2D/Content/DefaultSpriteMaterial.uasset" 267
"../../Plugins/2D/Paper2D/Content/MaskedUnlitSpriteMaterial.uasset" 268
"../../Plugins/2D/Paper2D/Content/OpaqueUnlitSpriteMaterial.uasset" 269
"../../../Engine/Content/Functions/Engine_MaterialFunctions02/Utility/BreakOutFloat3Components.uasset" 270
"../../Plugins/Editor/SpeedTreeImporter/Content/SpeedTree9/UnpackInteger3.uasset" 271
"../../Plugins/Editor/SpeedTreeImporter/Content/SpeedTree9/UnpackDirection.uasset" 272
"../../Plugins/Editor/SpeedTreeImporter/Content/SpeedTree9/game_wind_noise.uasset" 273
"../../../Engine/Content/Functions/Engine_MaterialFunctions02/SafeNormalize.uasset" 274
"../../Plugins/Editor/SpeedTreeImporter/Content/SpeedTree9/SpeedTreeWindMotion.uasset" 275
"../../Plugins/Editor/SpeedTreeImporter/Content/SpeedTree9/SpeedTreeBranchMotion.uasset" 276
"../../../Engine/Content/Functions/Engine_MaterialFunctions02/ObjectLocalBounds.uasset" 277
"../../../Engine/Content/Functions/Engine_MaterialFunctions02/UVs/BoundingBoxBased_0-1_UVW.uasset" 278
"../../Plugins/Editor/SpeedTreeImporter/Content/SpeedTree9/SpeedTreeWind.uasset" 279
"../../Plugins/Editor/SpeedTreeImporter/Content/SpeedTree9/SpeedTreeBillboard.uasset" 280
"../../../Engine/Content/EngineResources/DefaultTexture.uasset" 281
"../../Plugins/Editor/SpeedTreeImporter/Content/SpeedTree9/SpeedTreeBillboardMaster.uasset" 282
"../../Plugins/Editor/SpeedTreeImporter/Content/SpeedTree9/SpeedTreeCameraFacing.uasset" 283
"../../Plugins/Editor/SpeedTreeImporter/Content/SpeedTree9/SpeedTreeMaster.uasset" 284
"../../../Engine/Content/BasicShapes/Cylinder.uasset" 285
"../../../Engine/Content/ArtTools/RenderToTexture/Materials/Debug/M_Emissive_Color.uasset" 286
"../../Plugins/Lumin/MagicLeapPassableWorld/Content/MagicLeapARPinInfoActor.uasset" 287
"../../Plugins/Experimental/Water/Content/Curves/FloatCurve_WaterBodyIsland.uasset" 288
"../../Plugins/Experimental/Water/Content/Icons/WaterBodyLakeSprite.uasset" 289
"../../Plugins/Experimental/Water/Content/Icons/WaterBodyOceanSprite.uasset" 290
"../../Plugins/Experimental/Water/Content/Icons/WaterSprite.uasset" 291
"../../Plugins/Experimental/Water/Content/Meshes/RiverMesh.uasset" 292
"../../Plugins/Experimental/Water/Content/Waves/GerstnerWaves_Lake.uasset" 293
"../../Plugins/Experimental/Water/Content/Waves/GerstnerWaves_Ocean.uasset" 294
"../../../Engine/Content/Functions/Engine_MaterialFunctions02/Utility/BreakOutFloat4Components.uasset" 295
"../../../Engine/Content/Functions/Engine_MaterialFunctions02/Utility/MakeFloat3.uasset" 296
"../../Plugins/Runtime/Oculus/OculusVR/Content/Materials/OculusMR_ChromaKey.uasset" 297
"../../Plugins/Runtime/Oculus/OculusVR/Content/Materials/OculusMR_OpaqueColoredMaterial.uasset" 298
"../../Plugins/Runtime/Oculus/OculusVR/Content/Materials/PokeAHoleMaterial.uasset" 299
"../../Plugins/Marketplace/VoxelFree/Content/Examples/VoxelDefaultBrushMask.uasset" 300
"../../Plugins/Marketplace/VoxelFree/Content/Examples/Importers/Chair/VoxelExample_T_Chair_N.uasset" 301
"../../Plugins/Marketplace/VoxelFree/Content/Examples/Importers/Chair/VoxelExample_T_Chair_M.uasset" 302
"../../Plugins/Marketplace/VoxelFree/Content/Examples/Importers/Chair/VoxelExample_M_Chair_Emissive_Color.uasset" 303
"../../../Engine/Content/Functions/Engine_MaterialFunctions02/Utility/MakeFloat4.uasset" 304
"../../Plugins/Marketplace/VoxelFree/Content/Examples/Importers/Chair/VoxelExample_M_Chair_Emissive_UVs.uasset" 305
"../../Plugins/Marketplace/VoxelFree/Content/Examples/Importers/Chair/VoxelExample_M_Chair.uasset" 306
"../../Plugins/Marketplace/VoxelFree/Content/Examples/Importers/Chair/VoxelExample_SM_Chair.uasset" 307
"../../../Engine/Content/EngineMaterials/Good64x64TilingNoiseHighFreq.uasset" 308
"../../../Engine/Content/Functions/Engine_MaterialFunctions02/Texturing/ScreenAlignedPixelToPixelUVs.uasset" 309
"../../../Engine/Content/Functions/Engine_MaterialFunctions02/Utility/DitherTemporalAA.uasset" 310
"../../Plugins/Marketplace/VoxelFree/Content/MaterialHelpers/VoxelOpacity.uasset" 311
"../../Plugins/Marketplace/VoxelFree/Content/Examples/Materials/RGB/M_VoxelMaterial_Colors_Parameter.uasset" 312
"../../Plugins/Marketplace/VoxelFree/Content/Preview/M_2DPreviewMaterial.uasset" 313
"../../../Engine/Content/Functions/Engine_MaterialFunctions02/ExampleContent/Textures/SphereRenderHeightMap.uasset" 314
"../../../Engine/Content/Functions/Engine_MaterialFunctions01/Volumetrics/BeersLaw.uasset" 315
"../../../Engine/Content/Functions/Engine_MaterialFunctions01/Math/BoxIntersection.uasset" 316
"../../../Engine/Content/Functions/Engine_MaterialFunctions01/Coordinates/1Dto2DIndex.uasset" 317
"../../Plugins/Marketplace/VoxelFree/Content/Preview/VoxelRayMarchHeightMap.uasset" 318
"../../Plugins/Marketplace/VoxelFree/Content/Preview/DefaultVoxelPreview.uasset" 319
"../../Plugins/Marketplace/VoxelFree/Content/Preview/C_GradientWater.uasset" 320
"../../Plugins/Marketplace/VoxelFree/Content/Preview/C_GradientNoWater.uasset" 321
"../../Plugins/Marketplace/VoxelFree/Content/Preview/CA_Gradient.uasset" 322
"../../Plugins/Marketplace/VoxelFree/Content/Preview/M_PreviewMaterial.uasset" 323
"../../Plugins/Marketplace/VoxelFree/Content/Preview/SM_Plane.uasset" 324
"../../Plugins/Marketplace/VoxelFree/Content/ToolMaterials/ToolMeshMaterial.uasset" 325
"../../Plugins/Marketplace/VoxelFree/Content/ToolMaterials/ToolMeshMaterial_Level.uasset" 326
"../../Plugins/Marketplace/VoxelFree/Content/ToolMaterials/ToolMeshMaterial_Mesh.uasset" 327
"../../Plugins/Marketplace/VoxelFree/Content/ToolMaterials/ToolMeshMaterial_Sphere.uasset" 328
"../../../Engine/Content/Functions/Engine_MaterialFunctions02/SmoothStep.uasset" 329
"../../../Engine/Content/Functions/Engine_MaterialFunctions01/Gradient/LinearGradient.uasset" 330
"../../../Engine/Content/Functions/Engine_MaterialFunctions01/ImageAdjustment/CheapContrast.uasset" 331
"../../Plugins/Marketplace/VoxelFree/Content/ToolMaterials/ToolRenderingMaterial.uasset" 332
"../../Plugins/Marketplace/VoxelFree/Content/ToolMaterials/ToolRenderingMaterial_Flatten.uasset" 333
"../../Plugins/Marketplace/VoxelFree/Content/ToolMaterials/ToolRenderingMaterial_Smooth.uasset" 334
"../../Plugins/Marketplace/VoxelFree/Content/ToolMaterials/ToolRenderingMaterial_Sphere.uasset" 335
"../../Plugins/Marketplace/VoxelFree/Content/ToolMaterials/ToolRenderingMaterial_Surface.uasset" 336
"../../Plugins/Marketplace/VoxelFree/Content/ToolMaterials/ToolRenderingMaterial_Trim.uasset" 337
"../../../Engine/Content/Functions/Engine_MaterialFunctions02/Utility/VectorLength.uasset" 338
"../../../Engine/Content/Functions/Engine_MaterialFunctions02/WorldPositionOffset/ObjectScale.uasset" 339
"../../Plugins/Marketplace/VoxelFree/Content/MaterialHelpers/Voxel_LocalPosition.uasset" 340
"../../Plugins/Marketplace/VoxelFree/Content/ToolMaterials/ViewportPlaneMaterial.uasset" 341
"F:/Git/Call-Of-Gruty/Content/WaterPlane/Environment/HDRI/HDRI_Epic_Courtyard_Daylight.uasset" 342
"F:/Git/Call-Of-Gruty/Content/StarterContent/Textures/Grass-loww.uasset" 343
"F:/Git/Call-Of-Gruty/Content/PN_interactiveSpruceForest/Textures/PivotPainterTextures/small/small_07_VEC.uasset" 344
"F:/Git/Call-Of-Gruty/Content/PN_interactiveSpruceForest/Textures/PivotPainterTextures/small/small_07_PIV.uasset" 345
"F:/Git/Call-Of-Gruty/Content/PN_interactiveSpruceForest/Textures/MasterTextures/ModelTextures/Leaf_O.uasset" 346
"F:/Git/Call-Of-Gruty/Content/PN_interactiveSpruceForest/Textures/MasterTextures/ModelTextures/Leaf_N.uasset" 347
"F:/Git/Call-Of-Gruty/Content/PN_interactiveSpruceForest/Textures/MasterTextures/ModelTextures/Leaf_AOSM.uasset" 348
"F:/Git/Call-Of-Gruty/Content/PN_interactiveSpruceForest/Textures/MasterTextures/ModelTextures/Leaf_A_02.uasset" 349
"F:/Git/Call-Of-Gruty/Content/PN_interactiveSpruceForest/Textures/MasterTextures/ModelTextures/Branch_N.uasset" 350
"F:/Git/Call-Of-Gruty/Content/PN_interactiveSpruceForest/Textures/MasterTextures/ModelTextures/Branch_AOSH.uasset" 351
"F:/Git/Call-Of-Gruty/Content/PN_interactiveSpruceForest/Textures/MasterTextures/ModelTextures/Branch_A.uasset" 352
"F:/Git/Call-Of-Gruty/Content/PN_interactiveSpruceForest/Textures/MasterTextures/ModelTextures/Bark_AOSH.uasset" 353
"F:/Git/Call-Of-Gruty/Content/PN_interactiveSpruceForest/Textures/MasterTextures/ModelTextures/Bark_A_.uasset" 354
"F:/Git/Call-Of-Gruty/Content/PN_interactiveSpruceForest/Textures/MasterTextures/CoverTextures/Moss_N.uasset" 355
"F:/Git/Call-Of-Gruty/Content/PN_interactiveSpruceForest/Textures/MasterTextures/CoverTextures/Moss_AOSH.uasset" 356
"F:/Git/Call-Of-Gruty/Content/PN_interactiveSpruceForest/Textures/MasterTextures/CoverTextures/Moss_A.uasset" 357
"../../../Engine/Content/Functions/Engine_MaterialFunctions02/Texturing/HeightLerp.uasset" 358
"../../../Engine/Content/Functions/Engine_MaterialFunctions01/Shading/FuzzyShadingGrass.uasset" 359
"../../../Engine/Content/MapTemplates/TilingNoise05.uasset" 360
"F:/Git/Call-Of-Gruty/Content/PN_interactiveSpruceForest/Materials/MaterialFunctions/PN_BendingParameters.uasset" 361
"F:/Git/Call-Of-Gruty/Content/PN_interactiveSpruceForest/Materials/PN_WindParameters.uasset" 362
"../../../Engine/Content/Functions/Engine_MaterialFunctions02/ExampleContent/Textures/WindTurblenceVectorAndGustMagnitude.uasset" 363
"../../../Engine/Content/Functions/Engine_MaterialFunctions02/ExampleContent/PivotPainter2/test2_rgb_PivotPos_a_ParentIndexInt_UV_2.uasset" 364
"../../../Engine/Content/Functions/Engine_MaterialFunctions02/ExampleContent/PivotPainter2/PP2_rgb_XVect_a_XExtent.uasset" 365
"../../../Engine/Content/Functions/Engine_MaterialFunctions02/PivotPainter2/ms_PivotPainter2_DecodePostion.uasset" 366
"../../../Engine/Content/Functions/Engine_MaterialFunctions02/PivotPainter2/ms_PivotPainter2_DecodeAxisVector.uasset" 367
"../../../Engine/Content/Functions/Engine_MaterialFunctions02/PivotPainter2/ms_PivotPainter2_Decode8BitAlphaAxisExtent.uasset" 368
"../../../Engine/Content/Functions/Engine_MaterialFunctions02/ExampleContent/PivotPainter2/SimpExPivPos.uasset" 369
"F:/Git/Call-Of-Gruty/Content/PN_interactiveSpruceForest/Materials/MaterialFunctions/PN_WindAnimation.uasset" 370
"F:/Git/Call-Of-Gruty/Content/PN_interactiveSpruceForest/Materials/MaterialFunctions/PN_Bending.uasset" 371
"../../../Engine/Content/Functions/Engine_MaterialFunctions02/WorldPositionOffset/ObjectPivotPoint.uasset" 372
"F:/Git/Call-Of-Gruty/Content/PN_interactiveSpruceForest/Materials/MaterialFunctions/PN_MultiBend.uasset" 373
"../../../Engine/Content/Functions/Engine_MaterialFunctions02/PivotPainter2/2dArrayLookupByIndex.uasset" 374
"../../../Engine/Content/Functions/Engine_MaterialFunctions02/PivotPainter2/ms_PivotPainter2_ReturnParentTextureInfo.uasset" 375
"../../../Engine/Content/Functions/Engine_MaterialFunctions02/PivotPainter2/ms_PivotPainter2_CalculateMeshElementIndex.uasset" 376
"../../../Engine/Content/Functions/Engine_MaterialFunctions02/ms_PivotPainter2_UnpackIntegerAsFloat.uasset" 377
"../../../Engine/Content/Functions/Engine_MaterialFunctions02/Math/TimeWithSpeedVariable.uasset" 378
"../../../Engine/Content/Functions/Engine_MaterialFunctions02/Lerp_Multiple_Float2.uasset" 379
"F:/Git/Call-Of-Gruty/Content/PN_interactiveSpruceForest/Materials/MaterialFunctions/PN_AnimationShader.uasset" 380
"../../../Engine/Content/Functions/Engine_MaterialFunctions02/SmoothThreshold.uasset" 381
"../../../Engine/Content/Functions/Engine_MaterialFunctions01/Texturing/FlattenNormal.uasset" 382
"../../../Engine/Content/Functions/Engine_MaterialFunctions01/SpeedTree/SpeedTreeColorVariation.uasset" 383
"F:/Git/Call-Of-Gruty/Content/PN_interactiveSpruceForest/Materials/MasterMaterials/MA_Summer.uasset" 384
"F:/Git/Call-Of-Gruty/Content/PN_interactiveSpruceForest/Materials/MaterialInstances/small/spruce_small_07_MA.uasset" 385
"F:/Git/Call-Of-Gruty/Content/PN_interactiveSpruceForest/Materials/MaterialInstances/small/spruce_small_07_trunk.uasset" 386
"F:/Git/Call-Of-Gruty/Content/PN_interactiveSpruceForest/Materials/MaterialInstances/small/spruce_small_07_leaf.uasset" 387
"F:/Git/Call-Of-Gruty/Content/PN_interactiveSpruceForest/Materials/MaterialInstances/small/spruce_small_07_branch.uasset" 388
"F:/Git/Call-Of-Gruty/Content/PN_interactiveSpruceForest/Meshes/small/spruce_small_07.uasset" 389
"F:/Git/Call-Of-Gruty/Content/PN_interactiveSpruceForest/Textures/Imposter/full_03_imposter_O.uasset" 390
"F:/Git/Call-Of-Gruty/Content/PN_interactiveSpruceForest/Textures/Imposter/full_03_imposter_N.uasset" 391
"F:/Git/Call-Of-Gruty/Content/PN_interactiveSpruceForest/Textures/Imposter/full_03_imposter_A_unlit.uasset" 392
"F:/Git/Call-Of-Gruty/Content/PN_interactiveSpruceForest/Textures/PivotPainterTextures/imposter/Imposter_VEC.uasset" 393
"F:/Git/Call-Of-Gruty/Content/PN_interactiveSpruceForest/Textures/PivotPainterTextures/imposter/Imposter_PIV.uasset" 394
"../../../Engine/Content/Functions/Engine_MaterialFunctions02/ExampleContent/Textures/flipbook.uasset" 395
"../../../Engine/Content/Functions/Engine_MaterialFunctions02/ExampleContent/Textures/DebugNumberPeriod.uasset" 396
"../../../Engine/Content/Functions/Engine_MaterialFunctions02/ExampleContent/DebugNumberStrip.uasset" 397
"../../../Engine/Content/Functions/Engine_MaterialFunctions02/Math/CreateThirdOrthogonalVector.uasset" 398
"../../../Engine/Content/Functions/Engine_MaterialFunctions02/Utility/VectorToRadialValue.uasset" 399
"../../../Engine/Content/Functions/Engine_MaterialFunctions01/Texturing/TextureCropping.uasset" 400
"../../../Engine/Content/Functions/Engine_MaterialFunctions01/Texturing/ComputeMipLevel.uasset" 401
"../../../Engine/Content/Functions/Engine_MaterialFunctions02/Utility/DebugScalarValues.uasset" 402
"../../../Engine/Content/Functions/Engine_MaterialFunctions02/Utility/DebugFloat2Values.uasset" 403
"../../../Engine/Content/Functions/Engine_MaterialFunctions02/Texturing/FlipBook.uasset" 404
"../../../Engine/Content/Functions/Engine_MaterialFunctions02/Math/Transform3x3Matrix.uasset" 405
"../../../Engine/Content/Functions/Engine_MaterialFunctions02/Math/Pi.uasset" 406
"../../../Engine/Content/ArtTools/RenderToTexture/MaterialFunctions/FoliageZRotation.uasset" 407
"../../../Engine/Content/ArtTools/RenderToTexture/MaterialFunctions/ImposterUVs.uasset" 408
"../../../Engine/Content/EngineMaterials/DefaultNormal.uasset" 409
"F:/Git/Call-Of-Gruty/Content/PN_interactiveSpruceForest/Materials/MasterMaterials/MA_Imposter.uasset" 410
"F:/Git/Call-Of-Gruty/Content/PN_interactiveSpruceForest/Materials/MaterialInstances/imposter/low/full_03_imposter.uasset" 411
"F:/Git/Call-Of-Gruty/Content/PN_interactiveSpruceForest/Textures/PivotPainterTextures/full/low/spruce_full_03_low_PIV.uasset" 412
"F:/Git/Call-Of-Gruty/Content/PN_interactiveSpruceForest/Textures/PivotPainterTextures/full/low/spruce_full_03_low_VEC.uasset" 413
"F:/Git/Call-Of-Gruty/Content/PN_interactiveSpruceForest/Materials/MaterialInstances/full/low/spruce_full_03_low_MA.uasset" 414
"F:/Git/Call-Of-Gruty/Content/PN_interactiveSpruceForest/Materials/MaterialInstances/full/low/spruce_full_03_low_trunk.uasset" 415
"F:/Git/Call-Of-Gruty/Content/PN_interactiveSpruceForest/Materials/MaterialInstances/full/low/spruce_full_03_low_leaf.uasset" 416
"F:/Git/Call-Of-Gruty/Content/PN_interactiveSpruceForest/Materials/MaterialInstances/full/low/spruce_full_03_low_branch.uasset" 417
"F:/Git/Call-Of-Gruty/Content/PN_interactiveSpruceForest/Meshes/full/low/spruce_full_03_low.uasset" 418
"F:/Git/Call-Of-Gruty/Content/PN_interactiveSpruceForest/Textures/Imposter/full_02_imposter_O.uasset" 419
"F:/Git/Call-Of-Gruty/Content/PN_interactiveSpruceForest/Textures/Imposter/full_02_imposter_N.uasset" 420
"F:/Git/Call-Of-Gruty/Content/PN_interactiveSpruceForest/Textures/Imposter/full_02_imposter_A_unlit.uasset" 421
"F:/Git/Call-Of-Gruty/Content/PN_interactiveSpruceForest/Materials/MaterialInstances/imposter/low/full_02_imposter.uasset" 422
"F:/Git/Call-Of-Gruty/Content/PN_interactiveSpruceForest/Textures/PivotPainterTextures/full/low/spruce_full_02_low_VEC.uasset" 423
"F:/Git/Call-Of-Gruty/Content/PN_interactiveSpruceForest/Textures/PivotPainterTextures/full/low/spruce_full_02_low_PIV.uasset" 424
"F:/Git/Call-Of-Gruty/Content/PN_interactiveSpruceForest/Materials/MaterialInstances/full/low/spruce_full_02_low_MA.uasset" 425
"F:/Git/Call-Of-Gruty/Content/PN_interactiveSpruceForest/Materials/MaterialInstances/full/low/spruce_full_02_low_trunk.uasset" 426
"F:/Git/Call-Of-Gruty/Content/PN_interactiveSpruceForest/Materials/MaterialInstances/full/low/spruce_full_02_low_leaf.uasset" 427
"F:/Git/Call-Of-Gruty/Content/PN_interactiveSpruceForest/Materials/MaterialInstances/full/low/spruce_full_02_low_branch.uasset" 428
"F:/Git/Call-Of-Gruty/Content/PN_interactiveSpruceForest/Meshes/full/low/spruce_full_02_low.uasset" 429
"F:/Git/Call-Of-Gruty/Content/PN_interactiveSpruceForest/Materials/MaterialInstances/imposter/high/full_02_imposter.uasset" 430
"F:/Git/Call-Of-Gruty/Content/PN_interactiveSpruceForest/Textures/PivotPainterTextures/full/high/spruce_full_02_VEC.uasset" 431
"F:/Git/Call-Of-Gruty/Content/PN_interactiveSpruceForest/Textures/PivotPainterTextures/full/high/spruce_full_02_PIV.uasset" 432
"F:/Git/Call-Of-Gruty/Content/PN_interactiveSpruceForest/Materials/MaterialInstances/full/high/spruce_full_02_MA.uasset" 433
"F:/Git/Call-Of-Gruty/Content/PN_interactiveSpruceForest/Materials/MaterialInstances/full/high/spruce_full_02_trunk.uasset" 434
"F:/Git/Call-Of-Gruty/Content/PN_interactiveSpruceForest/Materials/MaterialInstances/full/high/spruce_full_02_leaf.uasset" 435
"F:/Git/Call-Of-Gruty/Content/PN_interactiveSpruceForest/Materials/MaterialInstances/full/high/spruce_full_02_branch.uasset" 436
"F:/Git/Call-Of-Gruty/Content/PN_interactiveSpruceForest/Meshes/full/high/spruce_full_02.uasset" 437
"F:/Git/Call-Of-Gruty/Content/PN_interactiveSpruceForest/Textures/Imposter/full_01_imposter_O.uasset" 438
"F:/Git/Call-Of-Gruty/Content/PN_interactiveSpruceForest/Textures/Imposter/full_01_imposter_N.uasset" 439
"F:/Git/Call-Of-Gruty/Content/PN_interactiveSpruceForest/Textures/Imposter/full_01_imposter_A_unlit.uasset" 440
"F:/Git/Call-Of-Gruty/Content/PN_interactiveSpruceForest/Materials/MaterialInstances/imposter/high/full_01_imposter.uasset" 441
"F:/Git/Call-Of-Gruty/Content/PN_interactiveSpruceForest/Textures/PivotPainterTextures/full/high/spruce_full_01_VEC.uasset" 442
"F:/Git/Call-Of-Gruty/Content/PN_interactiveSpruceForest/Textures/PivotPainterTextures/full/high/spruce_full_01_PIV.uasset" 443
"F:/Git/Call-Of-Gruty/Content/PN_interactiveSpruceForest/Materials/MaterialInstances/full/high/spruce_full_01_MA.uasset" 444
"F:/Git/Call-Of-Gruty/Content/PN_interactiveSpruceForest/Materials/MaterialInstances/full/high/spruce_full_01_trunk.uasset" 445
"F:/Git/Call-Of-Gruty/Content/PN_interactiveSpruceForest/Materials/MaterialInstances/full/high/spruce_full_01_leaf.uasset" 446
"F:/Git/Call-Of-Gruty/Content/PN_interactiveSpruceForest/Materials/MaterialInstances/full/high/spruce_full_01_branch.uasset" 447
"F:/Git/Call-Of-Gruty/Content/PN_interactiveSpruceForest/Meshes/full/high/spruce_full_01.uasset" 448
"F:/Git/Call-Of-Gruty/Content/Anim/Idel/idle.uasset" 449
"F:/Git/Call-Of-Gruty/Content/Maps/player.uasset" 450
"F:/Git/Call-Of-Gruty/Content/WaterPlane/Environment/Textures/T_Rock_Basalt_D.uasset" 451
"F:/Git/Call-Of-Gruty/Content/StarterContent/Textures/T_Ground_Grass_D.uasset" 452
"F:/Git/Call-Of-Gruty/Content/Nieve.uasset" 453
"F:/Git/Call-Of-Gruty/Content/Megascans/Surfaces/grass_uncut_oeeb70/Albedo_4K_oeeb70.uasset" 454
"F:/Git/Call-Of-Gruty/Content/Materiales/vctndcklw_512K_Albedo.uasset" 455
"../../../Engine/Content/MapTemplates/lut/LUT_Daytime.uasset" 456
"../../../Engine/Content/EngineSky/T_Sky_Stars.uasset" 457
"../../../Engine/Content/EngineSky/T_Sky_Clouds_M.uasset" 458
"../../../Engine/Content/EngineSky/T_Sky_Blue.uasset" 459
"../../../Engine/Content/EngineMaterials/WeightMapPlaceholderTexture.uasset" 460
"../../../Engine/Content/EngineMaterials/DefaultPhysicalMaterial.uasset" 461
"F:/Git/Call-Of-Gruty/Content/StarterContent/Textures/T_Ground_Grass_D1_LOW.uasset" 462
"F:/Git/Call-Of-Gruty/Content/Materiales/Grass.uasset" 463
"../../../Engine/Content/EngineSky/M_Sky_Panning_Clouds2.uasset" 464
"F:/Git/Call-Of-Gruty/Content/Mapa_ofici/SubWorld_sharedassets/Roquita_LayerInfo.uasset" 465
"F:/Git/Call-Of-Gruty/Content/Mapa_ofici/SubWorld_sharedassets/Pastito_LayerInfo.uasset" 466
"F:/Git/Call-Of-Gruty/Content/Mapa_ofici/SubWorld_sharedassets/Nieveee_LayerInfo.uasset" 467
"../../../Engine/Content/EngineSky/SM_SkySphere.uasset" 468
"../../../Engine/Content/EngineSky/C_Sky_Zenith_Color.uasset" 469
"../../../Engine/Content/EngineSky/C_Sky_Horizon_Color.uasset" 470
"../../../Engine/Content/EngineSky/C_Sky_Cloud_Color.uasset" 471
"../../../Engine/Content/EngineSky/BP_Sky_Sphere.uasset" 472
"F:/Git/Call-Of-Gruty/Content/Maps/LobbyGamemode.uasset" 473
"F:/Git/Call-Of-Gruty/Content/LogoCallOfgruty.uasset" 474
"F:/Git/Call-Of-Gruty/Content/Maps/F3.uasset" 475
"F:/Git/Call-Of-Gruty/Content/Imajes/R0e4480272e1bd19055c8b8572576b75a.uasset" 476
"F:/Git/Call-Of-Gruty/Content/Imajes/Rf76bc1bb026260df53151aa3af51de0e.uasset" 477
"F:/Git/Call-Of-Gruty/Content/SelectMode.uasset" 478
"F:/Git/Call-Of-Gruty/Content/Maps/Portada_1.uasset" 479
"F:/Git/Call-Of-Gruty/Content/FPS_Weapon_Bundle/Weapons/Textures/KA47/T_KA47_Gold_M_MSK.uasset" 480
"F:/Git/Call-Of-Gruty/Content/FPS_Weapon_Bundle/Weapons/Textures/KA47/T_KA47_Gold_ALB.uasset" 481
"F:/Git/Call-Of-Gruty/Content/FPS_Weapon_Bundle/Weapons/Materials/Ka47/M_KA47_Gold.uasset" 482
"F:/Git/Call-Of-Gruty/Content/Maps/F4.uasset" 483
"F:/Git/Call-Of-Gruty/Content/Maps/F2.uasset" 484
"F:/Git/Call-Of-Gruty/Content/Maps/F1.uasset" 485
"F:/Git/Call-Of-Gruty/Content/Maps/Lobby.umap" 486
"F:/Git/Call-Of-Gruty/Content/Test_Grafics_BuiltData.uasset" 487
"../../Plugins/Experimental/Water/Content/Meshes/LakeMesh.uasset" 488
"../../Plugins/Experimental/Water/Content/Textures/Foam/T_WaterFlow_01_Foam_Tiled_N.uasset" 489
"../../Plugins/Experimental/Water/Content/Textures/Foam/T_WaterFlow_01_Foam_Tiled.uasset" 490
"../../Plugins/Experimental/Water/Content/FluidSimulation/WaveFoam/FoamRT.uasset" 491
"../../Plugins/Experimental/Water/Content/FluidSimulation/WaveFoam/WaterDistanceField.uasset" 492
"../../Plugins/Experimental/Water/Content/Textures/Normals/T_Water_TilingNormal_With_Height_02_Softened.uasset" 493
"../../../Engine/Content/EngineResources/Black.uasset" 494
"../../Plugins/Experimental/Water/Content/Materials/Functions/HighQualityTextureFiltering.uasset" 495
"../../Plugins/Experimental/Water/Content/Materials/MPC/MPC_Water.uasset" 496
"../../../Engine/Content/Functions/Engine_MaterialFunctions02/PivotPainter2/Black_1x1_EXR_Texture.uasset" 497
"../../Plugins/Experimental/Water/Content/Materials/Functions/WaterBodyData.uasset" 498
"../../../Engine/Content/Functions/Engine_MaterialFunctions03/Procedurals/NormalFromHeightmap.uasset" 499
"../../../Engine/Content/Functions/Engine_MaterialFunctions01/Gradient/BoxMask-2D.uasset" 500
"../../../Engine/Content/EngineSky/VolumetricClouds/T_NoiseShape.uasset" 501
"../../../Engine/Content/EngineSky/VolumetricClouds/T_VolumeNoiseShape128.uasset" 502
"../../Plugins/Experimental/Water/Content/Materials/Layers/BeachFoam.uasset" 503
"../../Plugins/Experimental/Water/Content/Materials/Functions/WaveVelocityMask.uasset" 504
"../../../Engine/Content/Functions/Engine_MaterialFunctions02/ExampleContent/Textures/water_n.uasset" 505
"../../../Engine/Content/Functions/Engine_MaterialFunctions02/ExampleContent/Textures/water_d.uasset" 506
"../../../Engine/Content/Functions/Engine_MaterialFunctions02/ExampleContent/Textures/LowResBlurredNoise.uasset" 507
"../../../Engine/Content/Functions/Engine_MaterialFunctions02/Math/AddComponents.uasset" 508
"../../../Engine/Content/Functions/Engine_MaterialFunctions02/Math/MakeVectorsOrthogonal.uasset" 509
"../../../Engine/Content/Functions/Engine_MaterialFunctions02/Utility/LinearSine.uasset" 510
"../../../Engine/Content/Functions/Engine_MaterialFunctions02/Texturing/Flowmaps.uasset" 511
"../../../Engine/Content/Functions/Engine_MaterialFunctions01/Coordinates/WorldPosition-XY.uasset" 512
"../../Plugins/Experimental/Water/Content/Materials/Functions/WaterRiverFlowmaps.uasset" 513
"../../Plugins/Experimental/Water/Content/Materials/Functions/WaterOpacityMaskFromDepth.uasset" 514
"../../Plugins/Experimental/Water/Content/Materials/Functions/WaterHeightMappingVS.uasset" 515
"../../Plugins/Experimental/Water/Content/Materials/Functions/WaterCoefficientMask.uasset" 516
"../../Plugins/Experimental/Water/Content/FluidSimulation/Materials/Functions/Fluidsim_WorldPosition_to_UV.uasset" 517
"../../../Engine/Content/Functions/Engine_MaterialFunctions01/Opacity/AlphaOffset.uasset" 518
"../../Plugins/Experimental/Water/Content/Materials/Functions/SampleFluidSimulation.uasset" 519
"../../Plugins/Experimental/Water/Content/Materials/Functions/ComputeWavesAttenuationFactor.uasset" 520
"../../Plugins/Experimental/Water/Content/Materials/Functions/WaveDepthFalloff_Overrides.uasset" 521
"../../Plugins/Experimental/Water/Content/Materials/Layers/WaterAttributes.uasset" 522
"../../Plugins/Experimental/Water/Content/Materials/Functions/WaterTextureWaves.uasset" 523
"../../Plugins/Experimental/Water/Content/Materials/Functions/WaterTextureSurface.uasset" 524
"../../Plugins/Experimental/Water/Content/Materials/Functions/Water_Underside.uasset" 525
"../../Plugins/Experimental/Water/Content/Materials/Functions/SetWaveAttributes.uasset" 526
"../../Plugins/Experimental/Water/Content/Materials/Functions/WorldPositionBehindWater.uasset" 527
"../../Plugins/Experimental/Water/Content/Materials/Functions/WorldNormalBehindWater.uasset" 528
"../../Plugins/Experimental/Water/Content/Materials/Functions/GetWaterTime.uasset" 529
"../../Plugins/Experimental/Water/Content/Materials/Functions/ComputeGerstnerWaves.uasset" 530
"../../Plugins/Experimental/Water/Content/Caustics/Materials/Functions/GetDistortionUV.uasset" 531
"../../Plugins/Experimental/Water/Content/Caustics/Materials/Functions/WaterCaustics_GerstnerWaves.uasset" 532
"../../Plugins/Experimental/Landmass/Content/Landscape/BlueprintBrushes/MPC/MPC_Landscape.uasset" 533
"../../Plugins/Experimental/Water/Content/Materials/WaterSurface/Water_Material.uasset" 534
"../../Plugins/Experimental/Water/Content/Materials/WaterSurface/Water_Material_Inst.uasset" 535
"../../Plugins/Experimental/Water/Content/Materials/WaterSurface/Water_Material_Ocean.uasset" 536
"../../Plugins/Experimental/Water/Content/Materials/WaterSurface/Water_Material_Lake.uasset" 537
"../../../Engine/Content/Functions/Engine_MaterialFunctions01/Volumetrics/SchlickPhase.uasset" 538
"../../../Engine/Content/Functions/Engine_MaterialFunctions01/Texturing/ScaleUVsByCenter.uasset" 539
"../../../Engine/Content/Functions/Engine_MaterialFunctions02/ScreenResolution.uasset" 540
"../../../Engine/Content/Functions/Engine_MaterialFunctions02/Texturing/ScreenAlignedUVs.uasset" 541
"../../Plugins/Experimental/Water/Content/Materials/PostProcessing/M_UnderWater_PostProcess_Volume.uasset" 542
"../../Plugins/Experimental/Landmass/Content/Landscape/Mats/MF/SmoothTerracing.uasset" 543
"../../Plugins/Experimental/Landmass/Content/Landscape/Mats/MF/SmoothIntersections.uasset" 544
"../../../Engine/Content/Functions/Engine_MaterialFunctions02/WorldPositionOffset/GenerateASpline.uasset" 545
"../../Plugins/Experimental/Landmass/Content/Landscape/Mats/MF/CatmullRomTexture.uasset" 546
"../../../Engine/Content/Functions/Engine_MaterialFunctions01/Math/SmoothCeil.uasset" 547
"../../Plugins/Experimental/Landmass/Content/Landscape/Mats/MF/BrushTerracing.uasset" 548
"../../../Engine/Content/Functions/Engine_MaterialFunctions01/ImageAdjustment/SCurve.uasset" 549
"../../Plugins/Experimental/Landmass/Content/Landscape/Mats/MF/BrushDisplaceMask.uasset" 550
"../../Plugins/Experimental/Landmass/Content/Landscape/Mats/MF/BrushBlendModes.uasset" 551
"../../../Engine/Content/EngineResources/Black_Low.uasset" 552
"../../Plugins/Experimental/Landmass/Content/Landscape/Mats/MF/BrushAlphaMask.uasset" 553
"../../Plugins/Experimental/Landmass/Content/Landscape/Mats/MF/UnpackRG8Height.uasset" 554
"../../Plugins/Experimental/Landmass/Content/Landscape/BlueprintBrushes/MF/PointSampleLandscapeUVs.uasset" 555
"../../Plugins/Experimental/Landmass/Content/Landscape/BlueprintBrushes/MF/ReadCachedDistanceField.uasset" 556
"../../Plugins/Experimental/Landmass/Content/Landscape/BlueprintBrushes/MF/PackRG8Height.uasset" 557
"../../Plugins/Experimental/Water/Content/Materials/Brushes/MeshBrush_Width.uasset" 558
"../../Plugins/Experimental/Water/Content/Materials/Brushes/MeshBrush_Weightmap.uasset" 559
"../../Plugins/Experimental/Landmass/Content/Landscape/BlueprintBrushes/MF/BrushBlendModes.uasset" 560
"../../Plugins/Experimental/Landmass/Content/Landscape/Curves/DynamicCurve_RT.uasset" 561
"../../Plugins/Experimental/Water/Content/Materials/Brushes/MeshBrush_Island.uasset" 562
"../../Plugins/Experimental/Landmass/Content/Landscape/BlueprintBrushes/MF/SmoothIntersections.uasset" 563
"../../Plugins/Experimental/Landmass/Content/Landscape/BlueprintBrushes/MF/BrushTerracing.uasset" 564
"../../Plugins/Experimental/Landmass/Content/Landscape/BlueprintBrushes/MF/BrushDisplaceMask.uasset" 565
"../../Plugins/Experimental/Landmass/Content/Landscape/BlueprintBrushes/MF/BrushAlphaMask.uasset" 566
"../../Plugins/Experimental/Water/Content/Materials/Brushes/MeshBrush_Angle.uasset" 567
"../../Plugins/Experimental/Landmass/Content/Landscape/BlueprintBrushes/MF/UnpackRG8Height.uasset" 568
"../../Plugins/Experimental/Water/Content/Materials/Brushes/FinalizeWaterTexture.uasset" 569
"../../Plugins/Experimental/Landmass/Content/Landscape/BlueprintBrushes/MF/LocalizeLandscapeZValue.uasset" 570
"../../Plugins/Experimental/Water/Content/Materials/Brushes/CompositeWaterBodyTexture.uasset" 571
"../../Plugins/Experimental/Water/Content/Materials/Brushes/CanvasDrawing.uasset" 572
"../../../Engine/Content/Functions/Engine_MaterialFunctions02/TangentBasis.uasset" 573
"../../Plugins/Experimental/Landmass/Content/Landscape/BlueprintBrushes/Materials/RenderSplineDepths.uasset" 574
"../../Plugins/Experimental/Landmass/Content/Landscape/Mats/MPC/MPC_Erosion.uasset" 575
"../../Plugins/Experimental/Landmass/Content/Landscape/BlueprintBrushes/MF/SampleDistanceField.uasset" 576
"../../Plugins/Experimental/Landmass/Content/Landscape/BlueprintBrushes/Materials/CacheDistanceField.uasset" 577
"../../Plugins/Experimental/Landmass/Content/DistanceFields/Materials/JumpFloodStep.uasset" 578
"../../Plugins/Experimental/Landmass/Content/Landscape/Textures/LS_Debug_RT_01.uasset" 579
"../../Plugins/Experimental/Landmass/Content/DistanceFields/Materials/DetectEdges.uasset" 580
"../../Plugins/Experimental/Landmass/Content/DistanceFields/Materials/BlurEdges.uasset" 581
"F:/Git/Call-Of-Gruty/Content/PN_interactiveSpruceForest/Meshes/small/spruce_small_07_DM.uasset" 582
"../../Plugins/Experimental/Water/Content/Curves/FloatCurve.uasset" 583
"../../../Engine/Content/BasicShapes/Cube.uasset" 584
"../../../Engine/Content/BasicShapes/BasicShapeMaterial.uasset" 585
"F:/Git/Call-Of-Gruty/Content/FirstPerson/FPWeapon/Mesh/SK_FPGun_Skeleton.uasset" 586
"F:/Git/Call-Of-Gruty/Content/FirstPerson/FPWeapon/Textures/T_FPGun_N.uasset" 587
"F:/Git/Call-Of-Gruty/Content/FirstPerson/FPWeapon/Textures/T_FPGun_M.uasset" 588
"F:/Git/Call-Of-Gruty/Content/FirstPerson/FPWeapon/Materials/MaterialLayers/T_ML_Aluminum01_N.uasset" 589
"F:/Git/Call-Of-Gruty/Content/FirstPerson/FPWeapon/Materials/MaterialLayers/T_ML_Aluminum01.uasset" 590
"F:/Git/Call-Of-Gruty/Content/FirstPerson/FPWeapon/Materials/MaterialLayers/ML_SoftMetal_UE4.uasset" 591
"F:/Git/Call-Of-Gruty/Content/FirstPerson/FPWeapon/Materials/MaterialLayers/ML_Screen.uasset" 592
"F:/Git/Call-Of-Gruty/Content/FirstPerson/FPWeapon/Materials/MaterialLayers/ML_Plastic_Shiny_Beige.uasset" 593
"F:/Git/Call-Of-Gruty/Content/FirstPerson/FPWeapon/Materials/MaterialLayers/T_ML_Rubber_Blue_01_N.uasset" 594
"F:/Git/Call-Of-Gruty/Content/FirstPerson/FPWeapon/Materials/MaterialLayers/T_ML_Rubber_Blue_01_D.uasset" 595
"F:/Git/Call-Of-Gruty/Content/FirstPerson/FPWeapon/Materials/MaterialLayers/ML_GlossyBlack_Latex_UE4.uasset" 596
"F:/Git/Call-Of-Gruty/Content/FirstPerson/FPWeapon/Materials/M_FPGun.uasset" 597
"F:/Git/Call-Of-Gruty/Content/FirstPerson/FPWeapon/Mesh/SK_FPGun.uasset" 598
"F:/Git/Call-Of-Gruty/Content/AnimStarterPack/UE4_Mannequin/Textures/UE4_LOGO_CARD.uasset" 599
"F:/Git/Call-Of-Gruty/Content/AnimStarterPack/UE4_Mannequin/Materials/MaterialLayers/T_ML_Rubber_Blue_01_N.uasset" 600
"F:/Git/Call-Of-Gruty/Content/AnimStarterPack/UE4_Mannequin/Materials/MaterialLayers/T_ML_Rubber_Blue_01_D.uasset" 601
"F:/Git/Call-Of-Gruty/Content/AnimStarterPack/UE4_Mannequin/Materials/MaterialLayers/T_ML_Aluminum01_N.uasset" 602
"F:/Git/Call-Of-Gruty/Content/AnimStarterPack/UE4_Mannequin/Materials/MaterialLayers/T_ML_Aluminum01.uasset" 603
"F:/Git/Call-Of-Gruty/Content/AnimStarterPack/UE4_Mannequin/Materials/MaterialLayers/ML_SoftMetal_UE4.uasset" 604
"F:/Git/Call-Of-Gruty/Content/AnimStarterPack/UE4_Mannequin/Materials/MaterialLayers/ML_Plastic_Shiny_Beige_LOGO.uasset" 605
"F:/Git/Call-Of-Gruty/Content/AnimStarterPack/UE4_Mannequin/Materials/MaterialLayers/ML_Plastic_Shiny_Beige.uasset" 606
"F:/Git/Call-Of-Gruty/Content/AnimStarterPack/UE4_Mannequin/Materials/MaterialLayers/ML_GlossyBlack_Latex_UE4.uasset" 607
"../../../Engine/Content/Functions/MaterialLayerFunctions/MatLayerBlend_AO.uasset" 608
"F:/Git/Call-Of-Gruty/Content/AnimStarterPack/UE4_Mannequin/Textures/UE4_Mannequin_occlusion_Mobile.uasset" 609
"F:/Git/Call-Of-Gruty/Content/AnimStarterPack/UE4_Mannequin/Textures/UE4_Mannequin_MAT_MASKA.uasset" 610
"F:/Git/Call-Of-Gruty/Content/AnimStarterPack/UE4_Mannequin/Textures/UE4_Mannequin__normals.uasset" 611
"F:/Git/Call-Of-Gruty/Content/AnimStarterPack/UE4_Mannequin/Materials/M_UE4Man_Body.uasset" 612
"F:/Git/Call-Of-Gruty/Content/AnimStarterPack/UE4_Mannequin/Mesh/UE4_Mannequin_Skeleton.uasset" 613
"F:/Git/Call-Of-Gruty/Content/AnimStarterPack/Crouch_Idle_Rifle_Hip.uasset" 614
"F:/Git/Call-Of-Gruty/Content/AnimStarterPack/Idle_Rifle_Hip.uasset" 615
"F:/Git/Call-Of-Gruty/Content/AnimStarterPack/Jump_From_Jog.uasset" 616
"F:/Git/Call-Of-Gruty/Content/AnimStarterPack/Jump_From_Stand.uasset" 617
"F:/Git/Call-Of-Gruty/Content/AnimStarterPack/Crouch_Walk_Rt_Rifle_Hip.uasset" 618
"F:/Git/Call-Of-Gruty/Content/AnimStarterPack/Crouch_Walk_Lt_Rifle_Hip.uasset" 619
"F:/Git/Call-Of-Gruty/Content/AnimStarterPack/Crouch_Walk_Fwd_Rifle_Hip.uasset" 620
"F:/Git/Call-Of-Gruty/Content/AnimStarterPack/Crouch_Walk_Bwd_Rifle_Hip.uasset" 621
"F:/Git/Call-Of-Gruty/Content/AnimStarterPack/BS_CrouchWalk.uasset" 622
"F:/Git/Call-Of-Gruty/Content/AnimStarterPack/Jog_Rt_Rifle.uasset" 623
"F:/Git/Call-Of-Gruty/Content/AnimStarterPack/Jog_Lt_Rifle.uasset" 624
"F:/Git/Call-Of-Gruty/Content/AnimStarterPack/Jog_Fwd_Rifle.uasset" 625
"F:/Git/Call-Of-Gruty/Content/AnimStarterPack/Jog_Bwd_Rifle.uasset" 626
"F:/Git/Call-Of-Gruty/Content/AnimStarterPack/BS_Jog.uasset" 627
"F:/Git/Call-Of-Gruty/Content/AnimStarterPack/UE4ASP_HeroTPP_AnimBlueprint.uasset" 628
"F:/Git/Call-Of-Gruty/Content/AnimStarterPack/UE4_Mannequin/Mesh/SK_Mannequin_PhysicsAsset.uasset" 629
"F:/Git/Call-Of-Gruty/Content/AnimStarterPack/UE4_Mannequin/Textures/UE4Man_Logo_N.uasset" 630
"F:/Git/Call-Of-Gruty/Content/AnimStarterPack/UE4_Mannequin/Materials/M_UE4Man_ChestLogo.uasset" 631
"F:/Git/Call-Of-Gruty/Content/AnimStarterPack/UE4_Mannequin/Mesh/SK_Mannequin.uasset" 632
"F:/Git/Call-Of-Gruty/Content/TesterMap/Enemy_flyy.uasset" 633
"F:/Git/Call-Of-Gruty/Content/PN_GrassLibrary/Textures/grassTextures/PivPainterTextures/lowGrass_02_02_PIV.uasset" 634
"F:/Git/Call-Of-Gruty/Content/PN_GrassLibrary/Textures/grassTextures/PivPainterTextures/lowGrass_VEC.uasset" 635
"F:/Git/Call-Of-Gruty/Content/PN_GrassLibrary/Textures/grassTextures/MasterTextures/springGrass_Opacity_8k.uasset" 636
"F:/Git/Call-Of-Gruty/Content/PN_GrassLibrary/Textures/grassTextures/MasterTextures/springGrass_Normal_springGrass_8k.uasset" 637
"F:/Git/Call-Of-Gruty/Content/PN_GrassLibrary/Textures/grassTextures/MasterTextures/springGrass_Albedo_8k_I.uasset" 638
"F:/Git/Call-Of-Gruty/Content/PN_GrassLibrary/Materials/MaterialFunctions/PN_BendingParameters.uasset" 639
"F:/Git/Call-Of-Gruty/Content/PN_GrassLibrary/Materials/PN_WindParameters.uasset" 640
"F:/Git/Call-Of-Gruty/Content/PN_GrassLibrary/Materials/MaterialFunctions/PN_WindAnimation.uasset" 641
"F:/Git/Call-Of-Gruty/Content/PN_GrassLibrary/Materials/MaterialFunctions/PN_Bending.uasset" 642
"F:/Git/Call-Of-Gruty/Content/PN_GrassLibrary/Materials/MaterialFunctions/PN_MultiBend.uasset" 643
"F:/Git/Call-Of-Gruty/Content/PN_GrassLibrary/Materials/MaterialFunctions/PN_AnimationShader.uasset" 644
"F:/Git/Call-Of-Gruty/Content/PN_GrassLibrary/Materials/grassMaterials/MA_Grass.uasset" 645
"F:/Git/Call-Of-Gruty/Content/PN_GrassLibrary/Materials/grassMaterials/grassMaterials/lowGrass_02_02_Mat.uasset" 646
"F:/Git/Call-Of-Gruty/Content/PN_GrassLibrary/Meshes/grassMesh/lowGrass_02_02_SM.uasset" 647
"F:/Git/Call-Of-Gruty/Content/widgets/life.uasset" 648
"F:/Git/Call-Of-Gruty/Content/Test_Grafics.umap" 649
"F:/Git/Call-Of-Gruty/Content/k.uasset" 650
"F:/Git/Call-Of-Gruty/Content/logo/cog_menu_1.uasset" 651
"F:/Git/Call-Of-Gruty/Content/logo/COG.uasset" 652
"F:/Git/Call-Of-Gruty/Content/logo/Menu.uasset" 653
"F:/Git/Call-Of-Gruty/Content/Loading.uasset" 654
"F:/Git/Call-Of-Gruty/Content/Menu/loadscreen.umap" 655
